Simulator report for AD_DA
Sun Oct 15 14:00:58 2017
Quartus II Version 9.1 Build 222 10/21/2009 SJ Full Version


---------------------
; Table of Contents ;
---------------------
  1. Legal Notice
  2. Simulator Summary
  3. Simulator Settings
  4. Simulation Waveforms
  5. Coverage Summary
  6. Complete 1/0-Value Coverage
  7. Missing 1-Value Coverage
  8. Missing 0-Value Coverage
  9. Simulator INI Usage
 10. Simulator Messages



----------------
; Legal Notice ;
----------------
Copyright (C) 1991-2009 Altera Corporation
Your use of Altera Corporation's design tools, logic functions 
and other software and tools, and its AMPP partner logic 
functions, and any output files from any of the foregoing 
(including device programming or simulation files), and any 
associated documentation or information are expressly subject 
to the terms and conditions of the Altera Program License 
Subscription Agreement, Altera MegaCore Function License 
Agreement, or other applicable license agreement, including, 
without limitation, that your use is for the sole purpose of 
programming logic devices manufactured by Altera and sold by 
Altera or its authorized distributors.  Please refer to the 
applicable agreement for further details.



+--------------------------------------------+
; Simulator Summary                          ;
+-----------------------------+--------------+
; Type                        ; Value        ;
+-----------------------------+--------------+
; Simulation Start Time       ; 0 ps         ;
; Simulation End Time         ; 2.0 ms       ;
; Simulation Netlist Size     ; 363 nodes    ;
; Simulation Coverage         ;      34.44 % ;
; Total Number of Transitions ; 672          ;
; Simulation Breakpoints      ; 0            ;
; Family                      ; MAX II       ;
; Device                      ; EPM570F256C3 ;
+-----------------------------+--------------+


+-------------------------------------------------------------------------------------------------------------------------+
; Simulator Settings                                                                                                      ;
+--------------------------------------------------------------------------------------------+------------+---------------+
; Option                                                                                     ; Setting    ; Default Value ;
+--------------------------------------------------------------------------------------------+------------+---------------+
; Simulation mode                                                                            ; Timing     ; Timing        ;
; Start time                                                                                 ; 0 ns       ; 0 ns          ;
; Simulation results format                                                                  ; CVWF       ;               ;
; Vector input source                                                                        ; Test01.vwf ;               ;
; Add pins automatically to simulation output waveforms                                      ; On         ; On            ;
; Check outputs                                                                              ; Off        ; Off           ;
; Report simulation coverage                                                                 ; On         ; On            ;
; Display complete 1/0 value coverage report                                                 ; On         ; On            ;
; Display missing 1-value coverage report                                                    ; On         ; On            ;
; Display missing 0-value coverage report                                                    ; On         ; On            ;
; Detect setup and hold time violations                                                      ; Off        ; Off           ;
; Detect glitches                                                                            ; Off        ; Off           ;
; Disable timing delays in Timing Simulation                                                 ; Off        ; Off           ;
; Generate Signal Activity File                                                              ; Off        ; Off           ;
; Generate VCD File for PowerPlay Power Analyzer                                             ; Off        ; Off           ;
; Group bus channels in simulation results                                                   ; Off        ; Off           ;
; Preserve fewer signal transitions to reduce memory requirements                            ; On         ; On            ;
; Trigger vector comparison with the specified mode                                          ; INPUT_EDGE ; INPUT_EDGE    ;
; Disable setup and hold time violations detection in input registers of bi-directional pins ; Off        ; Off           ;
; Overwrite Waveform Inputs With Simulation Outputs                                          ; Off        ;               ;
; Perform Glitch Filtering in Timing Simulation                                              ; Auto       ; Auto          ;
+--------------------------------------------------------------------------------------------+------------+---------------+


+----------------------+
; Simulation Waveforms ;
+----------------------+
Waveform report data cannot be output to ASCII.
Please use Quartus II to view the waveform report data.


+--------------------------------------------------------------------+
; Coverage Summary                                                   ;
+-----------------------------------------------------+--------------+
; Type                                                ; Value        ;
+-----------------------------------------------------+--------------+
; Total coverage as a percentage                      ;      34.44 % ;
; Total nodes checked                                 ; 363          ;
; Total output ports checked                          ; 360          ;
; Total output ports with complete 1/0-value coverage ; 124          ;
; Total output ports with no 1/0-value coverage       ; 145          ;
; Total output ports with no 1-value coverage         ; 196          ;
; Total output ports with no 0-value coverage         ; 185          ;
+-----------------------------------------------------+--------------+


The following table displays output ports that toggle between 1 and 0 during simulation.
+--------------------------------------------------------------------------------------------------------------------------+
; Complete 1/0-Value Coverage                                                                                              ;
+---------------------------------------------------+---------------------------------------------------+------------------+
; Node Name                                         ; Output Port Name                                  ; Output Port Type ;
+---------------------------------------------------+---------------------------------------------------+------------------+
; |AD_DA|ADC0832:u1|current_state.First_DI_Receive  ; |AD_DA|ADC0832:u1|current_state.First_DI_Receive  ; regout           ;
; |AD_DA|ADC0832:u1|current_state.Data_Transform    ; |AD_DA|ADC0832:u1|Selector1~0                     ; combout          ;
; |AD_DA|ADC0832:u1|current_state.Data_Transform    ; |AD_DA|ADC0832:u1|current_state.Data_Transform    ; regout           ;
; |AD_DA|ADC0832:u1|Selector0~0                     ; |AD_DA|ADC0832:u1|Selector0~0                     ; combout          ;
; |AD_DA|ADC0832:u1|DO                              ; |AD_DA|ADC0832:u1|DO                              ; regout           ;
; |AD_DA|DataA[1]                                   ; |AD_DA|DataA[1]                                   ; regout           ;
; |AD_DA|DataA[3]                                   ; |AD_DA|DataA[3]                                   ; regout           ;
; |AD_DA|DataB[1]                                   ; |AD_DA|DataB[1]                                   ; regout           ;
; |AD_DA|DataB[2]                                   ; |AD_DA|DataB[2]                                   ; regout           ;
; |AD_DA|DataB[3]                                   ; |AD_DA|DataB[3]                                   ; regout           ;
; |AD_DA|DataB[4]                                   ; |AD_DA|DataB[4]                                   ; regout           ;
; |AD_DA|DataB[5]                                   ; |AD_DA|DataB[5]                                   ; regout           ;
; |AD_DA|DataB[6]                                   ; |AD_DA|DataB[6]                                   ; regout           ;
; |AD_DA|DataB[7]                                   ; |AD_DA|DataB[7]                                   ; regout           ;
; |AD_DA|COUNT2[0]                                  ; |AD_DA|COUNT2[0]                                  ; regout           ;
; |AD_DA|ADC0832:u1|Mux8~0                          ; |AD_DA|ADC0832:u1|Mux8~0                          ; combout          ;
; |AD_DA|ADC0832:u1|output_index[0]                 ; |AD_DA|ADC0832:u1|output_index[0]                 ; regout           ;
; |AD_DA|ADC0832:u1|Mux8~1                          ; |AD_DA|ADC0832:u1|Mux8~1                          ; combout          ;
; |AD_DA|ADC0832:u1|Mux8~2                          ; |AD_DA|ADC0832:u1|Mux8~2                          ; combout          ;
; |AD_DA|ADC0832:u1|output_index[1]                 ; |AD_DA|ADC0832:u1|output_index[1]                 ; regout           ;
; |AD_DA|ADC0832:u1|Mux8~3                          ; |AD_DA|ADC0832:u1|Mux8~3                          ; combout          ;
; |AD_DA|ADC0832:u1|Mux8~4                          ; |AD_DA|ADC0832:u1|Mux8~4                          ; combout          ;
; |AD_DA|ADC0832:u1|Mux8~5                          ; |AD_DA|ADC0832:u1|Mux8~5                          ; combout          ;
; |AD_DA|ADC0832:u1|Mux8~6                          ; |AD_DA|ADC0832:u1|Mux8~6                          ; combout          ;
; |AD_DA|COUNT1[3]                                  ; |AD_DA|COUNT1[3]~55                               ; cout0            ;
; |AD_DA|COUNT1[3]                                  ; |AD_DA|COUNT1[3]~55COUT1_93                       ; cout1            ;
; |AD_DA|DataA[0]~0                                 ; |AD_DA|DataA[0]~0                                 ; combout          ;
; |AD_DA|COUNT1[1]                                  ; |AD_DA|COUNT1[1]~59                               ; cout0            ;
; |AD_DA|COUNT1[1]                                  ; |AD_DA|COUNT1[1]~59COUT1_89                       ; cout1            ;
; |AD_DA|COUNT1[2]                                  ; |AD_DA|COUNT1[2]~61                               ; cout0            ;
; |AD_DA|COUNT1[2]                                  ; |AD_DA|COUNT1[2]~61COUT1_91                       ; cout1            ;
; |AD_DA|Equal5~11                                  ; |AD_DA|Equal5~11                                  ; combout          ;
; |AD_DA|Equal5~12                                  ; |AD_DA|Equal5~12                                  ; combout          ;
; |AD_DA|DataB[0]~1                                 ; |AD_DA|DataB[0]~1                                 ; combout          ;
; |AD_DA|DataA[0]                                   ; |AD_DA|Equal0~0                                   ; combout          ;
; |AD_DA|DataA[0]                                   ; |AD_DA|DataA[0]                                   ; regout           ;
; |AD_DA|DataA[2]                                   ; |AD_DA|Equal0~1                                   ; combout          ;
; |AD_DA|DataA[2]                                   ; |AD_DA|DataA[2]                                   ; regout           ;
; |AD_DA|DataA[4]                                   ; |AD_DA|Equal0~2                                   ; combout          ;
; |AD_DA|DataA[4]                                   ; |AD_DA|DataA[4]                                   ; regout           ;
; |AD_DA|DataA[6]                                   ; |AD_DA|Equal0~3                                   ; combout          ;
; |AD_DA|Equal0~4                                   ; |AD_DA|Equal0~4                                   ; combout          ;
; |AD_DA|current_state.DATA_CHECK                   ; |AD_DA|current_state.DATA_CHECK                   ; regout           ;
; |AD_DA|stu_no~4                                   ; |AD_DA|stu_no~4                                   ; combout          ;
; |AD_DA|stu_no~5                                   ; |AD_DA|stu_no~5                                   ; combout          ;
; |AD_DA|WideOr0~0                                  ; |AD_DA|WideOr0~0                                  ; combout          ;
; |AD_DA|COUNT2[1]                                  ; |AD_DA|COUNT2[1]~61                               ; cout0            ;
; |AD_DA|COUNT2[1]                                  ; |AD_DA|COUNT2[1]~61COUT1_89                       ; cout1            ;
; |AD_DA|Selector0~0                                ; |AD_DA|Selector0~0                                ; combout          ;
; |AD_DA|ADC0832:u1|Add0~1                          ; |AD_DA|ADC0832:u1|Add0~1                          ; combout          ;
; |AD_DA|ADC0832:u1|Add0~2                          ; |AD_DA|ADC0832:u1|Add0~2                          ; combout          ;
; |AD_DA|ADC0832:u1|Add0~2                          ; |AD_DA|ADC0832:u1|Add0~4                          ; cout0            ;
; |AD_DA|ADC0832:u1|Add0~2                          ; |AD_DA|ADC0832:u1|Add0~4COUT1_91                  ; cout1            ;
; |AD_DA|ADC0832:u1|Add0~9                          ; |AD_DA|ADC0832:u1|Add0~9                          ; combout          ;
; |AD_DA|ADC0832:u1|Add0~9                          ; |AD_DA|ADC0832:u1|Add0~11                         ; cout0            ;
; |AD_DA|ADC0832:u1|Add0~9                          ; |AD_DA|ADC0832:u1|Add0~11COUT1_85                 ; cout1            ;
; |AD_DA|ADC0832:u1|Add0~14                         ; |AD_DA|ADC0832:u1|Add0~14                         ; combout          ;
; |AD_DA|ADC0832:u1|output_index[3]~0               ; |AD_DA|ADC0832:u1|output_index[3]~0               ; combout          ;
; |AD_DA|ADC0832:u1|Add0~16                         ; |AD_DA|ADC0832:u1|Add0~16                         ; combout          ;
; |AD_DA|ADC0832:u1|Add0~16                         ; |AD_DA|ADC0832:u1|Add0~18                         ; cout0            ;
; |AD_DA|ADC0832:u1|Add0~16                         ; |AD_DA|ADC0832:u1|Add0~18COUT1_83                 ; cout1            ;
; |AD_DA|ADC0832:u1|Add0~21                         ; |AD_DA|ADC0832:u1|Add0~21                         ; combout          ;
; |AD_DA|ADC0832:u1|Add0~23                         ; |AD_DA|ADC0832:u1|Add0~23                         ; combout          ;
; |AD_DA|ADC0832:u1|Add0~23                         ; |AD_DA|ADC0832:u1|Add0~25                         ; cout0            ;
; |AD_DA|ADC0832:u1|Add0~23                         ; |AD_DA|ADC0832:u1|Add0~25COUT1_87                 ; cout1            ;
; |AD_DA|ADC0832:u1|Add0~28                         ; |AD_DA|ADC0832:u1|Add0~28                         ; combout          ;
; |AD_DA|ADC0832:u1|Add0~29                         ; |AD_DA|ADC0832:u1|Add0~29                         ; combout          ;
; |AD_DA|ADC0832:u1|Add0~30                         ; |AD_DA|ADC0832:u1|Add0~30                         ; combout          ;
; |AD_DA|ADC0832:u1|Add0~30                         ; |AD_DA|ADC0832:u1|Add0~32                         ; cout0            ;
; |AD_DA|ADC0832:u1|Add0~30                         ; |AD_DA|ADC0832:u1|Add0~32COUT1_89                 ; cout1            ;
; |AD_DA|ADC0832:u1|Add0~35                         ; |AD_DA|ADC0832:u1|Add0~35                         ; combout          ;
; |AD_DA|ADC0832:u1|Add0~37                         ; |AD_DA|ADC0832:u1|Add0~37                         ; combout          ;
; |AD_DA|ADC0832:u1|Add0~42                         ; |AD_DA|ADC0832:u1|Add0~42                         ; combout          ;
; |AD_DA|ADC0832:u1|Add0~44                         ; |AD_DA|ADC0832:u1|Add0~44                         ; combout          ;
; |AD_DA|ADC0832:u1|Add0~44                         ; |AD_DA|ADC0832:u1|Add0~46                         ; cout             ;
; |AD_DA|ADC0832:u1|Add0~49                         ; |AD_DA|ADC0832:u1|Add0~49                         ; combout          ;
; |AD_DA|ADC0832:u1|Add0~50                         ; |AD_DA|ADC0832:u1|Add0~50                         ; combout          ;
; |AD_DA|ADC0832:u1|Add0~51                         ; |AD_DA|ADC0832:u1|Add0~53                         ; cout0            ;
; |AD_DA|ADC0832:u1|Add0~51                         ; |AD_DA|ADC0832:u1|Add0~53COUT1_81                 ; cout1            ;
; |AD_DA|ADC0832:u1|current_state.Second_DI_Receive ; |AD_DA|ADC0832:u1|output_order~0                  ; combout          ;
; |AD_DA|ADC0832:u1|current_state.Second_DI_Receive ; |AD_DA|ADC0832:u1|current_state.Second_DI_Receive ; regout           ;
; |AD_DA|current_state.DATA_RECEIVE                 ; |AD_DA|current_state.DATA_RECEIVE                 ; regout           ;
; |AD_DA|Selector1~0                                ; |AD_DA|Selector1~0                                ; combout          ;
; |AD_DA|WideOr1~0                                  ; |AD_DA|WideOr1~0                                  ; combout          ;
; |AD_DA|temp[0]~0                                  ; |AD_DA|temp[0]~0                                  ; combout          ;
; |AD_DA|ADC0832:u1|Add0~57                         ; |AD_DA|ADC0832:u1|Add0~57                         ; combout          ;
; |AD_DA|ADC0832:u1|Add0~58                         ; |AD_DA|ADC0832:u1|Add0~58                         ; combout          ;
; |AD_DA|ADC0832:u1|Add0~59                         ; |AD_DA|ADC0832:u1|Add0~59                         ; combout          ;
; |AD_DA|ADC0832:u1|Add0~60                         ; |AD_DA|ADC0832:u1|Add0~60                         ; combout          ;
; |AD_DA|ADC0832:u1|Add0~61                         ; |AD_DA|ADC0832:u1|Add0~61                         ; combout          ;
; |AD_DA|ADC0832:u1|Add0~62                         ; |AD_DA|ADC0832:u1|Add0~62                         ; combout          ;
; |AD_DA|ADC0832:u1|Add0~63                         ; |AD_DA|ADC0832:u1|Add0~63                         ; combout          ;
; |AD_DA|ADC0832:u1|Add0~64                         ; |AD_DA|ADC0832:u1|Add0~64                         ; combout          ;
; |AD_DA|ADC0832:u1|Add0~65                         ; |AD_DA|ADC0832:u1|Add0~65                         ; combout          ;
; |AD_DA|ADC0832:u1|Add0~66                         ; |AD_DA|ADC0832:u1|Add0~66                         ; combout          ;
; |AD_DA|ADC0832:u1|Add0~67                         ; |AD_DA|ADC0832:u1|Add0~67                         ; combout          ;
; |AD_DA|ADC0832:u1|Add0~68                         ; |AD_DA|ADC0832:u1|Add0~68                         ; combout          ;
; |AD_DA|ADC0832:u1|Add0~69                         ; |AD_DA|ADC0832:u1|Add0~69                         ; combout          ;
; |AD_DA|ADC0832:u1|Add0~70                         ; |AD_DA|ADC0832:u1|Add0~70                         ; combout          ;
; |AD_DA|ADC0832:u1|Add0~71                         ; |AD_DA|ADC0832:u1|Add0~71                         ; combout          ;
; |AD_DA|ADC0832:u1|Add0~72                         ; |AD_DA|ADC0832:u1|Add0~72                         ; combout          ;
; |AD_DA|start_order                                ; |AD_DA|start_order                                ; combout          ;
; |AD_DA|receive_order                              ; |AD_DA|receive_order                              ; combout          ;
; |AD_DA|ADC0832:u1|data_input_model[0]             ; |AD_DA|ADC0832:u1|data_input_model[0]             ; combout          ;
; |AD_DA|ADC0832:u1|DI0                             ; |AD_DA|ADC0832:u1|DI0                             ; combout          ;
; |AD_DA|ADC0832:u1|DI1                             ; |AD_DA|ADC0832:u1|DI1                             ; combout          ;
; |AD_DA|clk_1                                      ; |AD_DA|clk_1~corein                               ; combout          ;
; |AD_DA|DI_output                                  ; |AD_DA|DI_output                                  ; padio            ;
; |AD_DA|state_signal_1[0]                          ; |AD_DA|state_signal_1[0]                          ; padio            ;
; |AD_DA|state_signal_1[1]                          ; |AD_DA|state_signal_1[1]                          ; padio            ;
; |AD_DA|state_signal_1[3]                          ; |AD_DA|state_signal_1[3]                          ; padio            ;
; |AD_DA|DO_1                                       ; |AD_DA|DO_1                                       ; padio            ;
; |AD_DA|DataA_output[0]                            ; |AD_DA|DataA_output[0]                            ; padio            ;
; |AD_DA|DataA_output[1]                            ; |AD_DA|DataA_output[1]                            ; padio            ;
; |AD_DA|DataA_output[2]                            ; |AD_DA|DataA_output[2]                            ; padio            ;
; |AD_DA|DataA_output[3]                            ; |AD_DA|DataA_output[3]                            ; padio            ;
; |AD_DA|DataA_output[4]                            ; |AD_DA|DataA_output[4]                            ; padio            ;
; |AD_DA|DataB_output[1]                            ; |AD_DA|DataB_output[1]                            ; padio            ;
; |AD_DA|DataB_output[2]                            ; |AD_DA|DataB_output[2]                            ; padio            ;
; |AD_DA|DataB_output[3]                            ; |AD_DA|DataB_output[3]                            ; padio            ;
; |AD_DA|DataB_output[4]                            ; |AD_DA|DataB_output[4]                            ; padio            ;
; |AD_DA|DataB_output[5]                            ; |AD_DA|DataB_output[5]                            ; padio            ;
; |AD_DA|DataB_output[6]                            ; |AD_DA|DataB_output[6]                            ; padio            ;
; |AD_DA|DataB_output[7]                            ; |AD_DA|DataB_output[7]                            ; padio            ;
+---------------------------------------------------+---------------------------------------------------+------------------+


The following table displays output ports that do not toggle to 1 during simulation.
+--------------------------------------------------------------------------------------------------+
; Missing 1-Value Coverage                                                                         ;
+---------------------------------------+---------------------------------------+------------------+
; Node Name                             ; Output Port Name                      ; Output Port Type ;
+---------------------------------------+---------------------------------------+------------------+
; |AD_DA|DataA[7]                       ; |AD_DA|DataA[7]                       ; regout           ;
; |AD_DA|COUNT2[2]                      ; |AD_DA|COUNT2[2]~1                    ; cout0            ;
; |AD_DA|COUNT2[2]                      ; |AD_DA|COUNT2[2]~1COUT1_91            ; cout1            ;
; |AD_DA|COUNT2[3]                      ; |AD_DA|COUNT2[3]~3                    ; cout0            ;
; |AD_DA|COUNT2[3]                      ; |AD_DA|COUNT2[3]~3COUT1_93            ; cout1            ;
; |AD_DA|COUNT2[4]                      ; |AD_DA|COUNT2[4]~5                    ; cout0            ;
; |AD_DA|COUNT2[4]                      ; |AD_DA|COUNT2[4]~5COUT1_95            ; cout1            ;
; |AD_DA|COUNT2[5]                      ; |AD_DA|COUNT2[5]~7                    ; cout             ;
; |AD_DA|Equal2~0                       ; |AD_DA|Equal2~0                       ; combout          ;
; |AD_DA|COUNT2[6]                      ; |AD_DA|COUNT2[6]~9                    ; cout0            ;
; |AD_DA|COUNT2[6]                      ; |AD_DA|COUNT2[6]~9COUT1_97            ; cout1            ;
; |AD_DA|COUNT2[7]                      ; |AD_DA|COUNT2[7]~11                   ; cout0            ;
; |AD_DA|COUNT2[7]                      ; |AD_DA|COUNT2[7]~11COUT1_99           ; cout1            ;
; |AD_DA|COUNT2[8]                      ; |AD_DA|COUNT2[8]~13                   ; cout0            ;
; |AD_DA|COUNT2[8]                      ; |AD_DA|COUNT2[8]~13COUT1_101          ; cout1            ;
; |AD_DA|COUNT2[9]                      ; |AD_DA|COUNT2[9]~15                   ; cout0            ;
; |AD_DA|COUNT2[9]                      ; |AD_DA|COUNT2[9]~15COUT1_103          ; cout1            ;
; |AD_DA|Equal2~1                       ; |AD_DA|Equal2~1                       ; combout          ;
; |AD_DA|COUNT2[10]                     ; |AD_DA|COUNT2[10]~17                  ; cout             ;
; |AD_DA|COUNT2[11]                     ; |AD_DA|COUNT2[11]~19                  ; cout0            ;
; |AD_DA|COUNT2[11]                     ; |AD_DA|COUNT2[11]~19COUT1_105         ; cout1            ;
; |AD_DA|COUNT2[12]                     ; |AD_DA|COUNT2[12]~21                  ; cout0            ;
; |AD_DA|COUNT2[12]                     ; |AD_DA|COUNT2[12]~21COUT1_107         ; cout1            ;
; |AD_DA|COUNT2[13]                     ; |AD_DA|COUNT2[13]~23                  ; cout0            ;
; |AD_DA|COUNT2[13]                     ; |AD_DA|COUNT2[13]~23COUT1_109         ; cout1            ;
; |AD_DA|Equal2~2                       ; |AD_DA|Equal2~2                       ; combout          ;
; |AD_DA|COUNT2[14]                     ; |AD_DA|COUNT2[14]~25                  ; cout0            ;
; |AD_DA|COUNT2[14]                     ; |AD_DA|COUNT2[14]~25COUT1_111         ; cout1            ;
; |AD_DA|COUNT2[15]                     ; |AD_DA|COUNT2[15]~27                  ; cout             ;
; |AD_DA|COUNT2[16]                     ; |AD_DA|COUNT2[16]~29                  ; cout0            ;
; |AD_DA|COUNT2[16]                     ; |AD_DA|COUNT2[16]~29COUT1_113         ; cout1            ;
; |AD_DA|COUNT2[17]                     ; |AD_DA|COUNT2[17]~31                  ; cout0            ;
; |AD_DA|COUNT2[17]                     ; |AD_DA|COUNT2[17]~31COUT1_115         ; cout1            ;
; |AD_DA|Equal2~3                       ; |AD_DA|Equal2~3                       ; combout          ;
; |AD_DA|Equal2~4                       ; |AD_DA|Equal2~4                       ; combout          ;
; |AD_DA|COUNT2[18]                     ; |AD_DA|COUNT2[18]~33                  ; cout0            ;
; |AD_DA|COUNT2[18]                     ; |AD_DA|COUNT2[18]~33COUT1_117         ; cout1            ;
; |AD_DA|COUNT2[19]                     ; |AD_DA|COUNT2[19]~35                  ; cout0            ;
; |AD_DA|COUNT2[19]                     ; |AD_DA|COUNT2[19]~35COUT1_119         ; cout1            ;
; |AD_DA|COUNT2[20]                     ; |AD_DA|COUNT2[20]~37                  ; cout             ;
; |AD_DA|COUNT2[21]                     ; |AD_DA|COUNT2[21]~39                  ; cout0            ;
; |AD_DA|COUNT2[21]                     ; |AD_DA|COUNT2[21]~39COUT1_121         ; cout1            ;
; |AD_DA|Equal2~5                       ; |AD_DA|Equal2~5                       ; combout          ;
; |AD_DA|COUNT2[22]                     ; |AD_DA|COUNT2[22]~41                  ; cout0            ;
; |AD_DA|COUNT2[22]                     ; |AD_DA|COUNT2[22]~41COUT1_123         ; cout1            ;
; |AD_DA|COUNT2[23]                     ; |AD_DA|COUNT2[23]~43                  ; cout0            ;
; |AD_DA|COUNT2[23]                     ; |AD_DA|COUNT2[23]~43COUT1_125         ; cout1            ;
; |AD_DA|COUNT2[24]                     ; |AD_DA|COUNT2[24]~45                  ; cout0            ;
; |AD_DA|COUNT2[24]                     ; |AD_DA|COUNT2[24]~45COUT1_127         ; cout1            ;
; |AD_DA|COUNT2[25]                     ; |AD_DA|COUNT2[25]~47                  ; cout             ;
; |AD_DA|Equal2~6                       ; |AD_DA|Equal2~6                       ; combout          ;
; |AD_DA|COUNT2[26]                     ; |AD_DA|COUNT2[26]~49                  ; cout0            ;
; |AD_DA|COUNT2[26]                     ; |AD_DA|COUNT2[26]~49COUT1_129         ; cout1            ;
; |AD_DA|COUNT2[27]                     ; |AD_DA|COUNT2[27]~51                  ; cout0            ;
; |AD_DA|COUNT2[27]                     ; |AD_DA|COUNT2[27]~51COUT1_131         ; cout1            ;
; |AD_DA|Equal2~7                       ; |AD_DA|Equal2~7                       ; combout          ;
; |AD_DA|COUNT2[30]                     ; |AD_DA|COUNT2[30]~53                  ; cout             ;
; |AD_DA|COUNT2[28]                     ; |AD_DA|COUNT2[28]~55                  ; cout0            ;
; |AD_DA|COUNT2[28]                     ; |AD_DA|COUNT2[28]~55COUT1_133         ; cout1            ;
; |AD_DA|COUNT2[29]                     ; |AD_DA|COUNT2[29]~57                  ; cout0            ;
; |AD_DA|COUNT2[29]                     ; |AD_DA|COUNT2[29]~57COUT1_135         ; cout1            ;
; |AD_DA|Equal2~8                       ; |AD_DA|Equal2~8                       ; combout          ;
; |AD_DA|Equal2~9                       ; |AD_DA|Equal2~9                       ; combout          ;
; |AD_DA|COUNT2[31]                     ; |AD_DA|COUNT2[31]                     ; regout           ;
; |AD_DA|COUNT1[4]                      ; |AD_DA|COUNT1[4]~1                    ; cout0            ;
; |AD_DA|COUNT1[4]                      ; |AD_DA|COUNT1[4]~1COUT1_95            ; cout1            ;
; |AD_DA|COUNT1[5]                      ; |AD_DA|COUNT1[5]~3                    ; cout             ;
; |AD_DA|COUNT1[6]                      ; |AD_DA|COUNT1[6]~5                    ; cout0            ;
; |AD_DA|COUNT1[6]                      ; |AD_DA|COUNT1[6]~5COUT1_97            ; cout1            ;
; |AD_DA|COUNT1[7]                      ; |AD_DA|COUNT1[7]~7                    ; cout0            ;
; |AD_DA|COUNT1[7]                      ; |AD_DA|COUNT1[7]~7COUT1_99            ; cout1            ;
; |AD_DA|Equal5~0                       ; |AD_DA|Equal5~0                       ; combout          ;
; |AD_DA|COUNT1[8]                      ; |AD_DA|COUNT1[8]~9                    ; cout0            ;
; |AD_DA|COUNT1[8]                      ; |AD_DA|COUNT1[8]~9COUT1_101           ; cout1            ;
; |AD_DA|COUNT1[9]                      ; |AD_DA|COUNT1[9]~11                   ; cout0            ;
; |AD_DA|COUNT1[9]                      ; |AD_DA|COUNT1[9]~11COUT1_103          ; cout1            ;
; |AD_DA|COUNT1[10]                     ; |AD_DA|COUNT1[10]~13                  ; cout             ;
; |AD_DA|COUNT1[11]                     ; |AD_DA|COUNT1[11]~15                  ; cout0            ;
; |AD_DA|COUNT1[11]                     ; |AD_DA|COUNT1[11]~15COUT1_105         ; cout1            ;
; |AD_DA|Equal5~1                       ; |AD_DA|Equal5~1                       ; combout          ;
; |AD_DA|COUNT1[12]                     ; |AD_DA|COUNT1[12]~17                  ; cout0            ;
; |AD_DA|COUNT1[12]                     ; |AD_DA|COUNT1[12]~17COUT1_107         ; cout1            ;
; |AD_DA|COUNT1[13]                     ; |AD_DA|COUNT1[13]~19                  ; cout0            ;
; |AD_DA|COUNT1[13]                     ; |AD_DA|COUNT1[13]~19COUT1_109         ; cout1            ;
; |AD_DA|COUNT1[14]                     ; |AD_DA|COUNT1[14]~21                  ; cout0            ;
; |AD_DA|COUNT1[14]                     ; |AD_DA|COUNT1[14]~21COUT1_111         ; cout1            ;
; |AD_DA|COUNT1[15]                     ; |AD_DA|COUNT1[15]~23                  ; cout             ;
; |AD_DA|Equal5~2                       ; |AD_DA|Equal5~2                       ; combout          ;
; |AD_DA|COUNT1[16]                     ; |AD_DA|COUNT1[16]~25                  ; cout0            ;
; |AD_DA|COUNT1[16]                     ; |AD_DA|COUNT1[16]~25COUT1_113         ; cout1            ;
; |AD_DA|COUNT1[17]                     ; |AD_DA|COUNT1[17]~27                  ; cout0            ;
; |AD_DA|COUNT1[17]                     ; |AD_DA|COUNT1[17]~27COUT1_115         ; cout1            ;
; |AD_DA|COUNT1[18]                     ; |AD_DA|COUNT1[18]~29                  ; cout0            ;
; |AD_DA|COUNT1[18]                     ; |AD_DA|COUNT1[18]~29COUT1_117         ; cout1            ;
; |AD_DA|COUNT1[19]                     ; |AD_DA|COUNT1[19]~31                  ; cout0            ;
; |AD_DA|COUNT1[19]                     ; |AD_DA|COUNT1[19]~31COUT1_119         ; cout1            ;
; |AD_DA|Equal5~3                       ; |AD_DA|Equal5~3                       ; combout          ;
; |AD_DA|Equal5~4                       ; |AD_DA|Equal5~4                       ; combout          ;
; |AD_DA|COUNT1[20]                     ; |AD_DA|COUNT1[20]~33                  ; cout             ;
; |AD_DA|COUNT1[21]                     ; |AD_DA|COUNT1[21]~35                  ; cout0            ;
; |AD_DA|COUNT1[21]                     ; |AD_DA|COUNT1[21]~35COUT1_121         ; cout1            ;
; |AD_DA|COUNT1[22]                     ; |AD_DA|COUNT1[22]~37                  ; cout0            ;
; |AD_DA|COUNT1[22]                     ; |AD_DA|COUNT1[22]~37COUT1_123         ; cout1            ;
; |AD_DA|COUNT1[23]                     ; |AD_DA|COUNT1[23]~39                  ; cout0            ;
; |AD_DA|COUNT1[23]                     ; |AD_DA|COUNT1[23]~39COUT1_125         ; cout1            ;
; |AD_DA|Equal5~5                       ; |AD_DA|Equal5~5                       ; combout          ;
; |AD_DA|COUNT1[24]                     ; |AD_DA|COUNT1[24]~41                  ; cout0            ;
; |AD_DA|COUNT1[24]                     ; |AD_DA|COUNT1[24]~41COUT1_127         ; cout1            ;
; |AD_DA|Equal5~6                       ; |AD_DA|Equal5~6                       ; combout          ;
; |AD_DA|COUNT1[25]                     ; |AD_DA|COUNT1[25]~43                  ; cout             ;
; |AD_DA|COUNT1[26]                     ; |AD_DA|COUNT1[26]~45                  ; cout0            ;
; |AD_DA|COUNT1[26]                     ; |AD_DA|COUNT1[26]~45COUT1_129         ; cout1            ;
; |AD_DA|COUNT1[27]                     ; |AD_DA|COUNT1[27]~47                  ; cout0            ;
; |AD_DA|COUNT1[27]                     ; |AD_DA|COUNT1[27]~47COUT1_131         ; cout1            ;
; |AD_DA|COUNT1[28]                     ; |AD_DA|COUNT1[28]~49                  ; cout0            ;
; |AD_DA|COUNT1[28]                     ; |AD_DA|COUNT1[28]~49COUT1_133         ; cout1            ;
; |AD_DA|Equal5~7                       ; |AD_DA|Equal5~7                       ; combout          ;
; |AD_DA|COUNT1[29]                     ; |AD_DA|COUNT1[29]~51                  ; cout0            ;
; |AD_DA|COUNT1[29]                     ; |AD_DA|COUNT1[29]~51COUT1_135         ; cout1            ;
; |AD_DA|COUNT1[30]                     ; |AD_DA|COUNT1[30]~53                  ; cout             ;
; |AD_DA|Equal5~8                       ; |AD_DA|Equal5~8                       ; combout          ;
; |AD_DA|Equal5~9                       ; |AD_DA|Equal5~9                       ; combout          ;
; |AD_DA|Equal5~10                      ; |AD_DA|Equal5~10                      ; combout          ;
; |AD_DA|LessThan2~0                    ; |AD_DA|LessThan2~0                    ; combout          ;
; |AD_DA|LessThan2~1                    ; |AD_DA|LessThan2~1                    ; combout          ;
; |AD_DA|WideOr2~0                      ; |AD_DA|WideOr2~0                      ; combout          ;
; |AD_DA|ADC0832:u1|Add0~8              ; |AD_DA|ADC0832:u1|Add0~8              ; combout          ;
; |AD_DA|ADC0832:u1|Add0~15             ; |AD_DA|ADC0832:u1|Add0~15             ; combout          ;
; |AD_DA|ADC0832:u1|Add0~22             ; |AD_DA|ADC0832:u1|Add0~22             ; combout          ;
; |AD_DA|ADC0832:u1|Add0~36             ; |AD_DA|ADC0832:u1|Add0~36             ; combout          ;
; |AD_DA|ADC0832:u1|Add0~43             ; |AD_DA|ADC0832:u1|Add0~43             ; combout          ;
; |AD_DA|ADC0832:u1|data[2]             ; |AD_DA|ADC0832:u1|data[2]             ; combout          ;
; |AD_DA|ADC0832:u1|data[1]             ; |AD_DA|ADC0832:u1|data[1]             ; combout          ;
; |AD_DA|ADC0832:u1|data[3]             ; |AD_DA|ADC0832:u1|data[3]             ; combout          ;
; |AD_DA|ADC0832:u1|data[7]             ; |AD_DA|ADC0832:u1|data[7]             ; combout          ;
; |AD_DA|ADC0832:u1|data[4]             ; |AD_DA|ADC0832:u1|data[4]             ; combout          ;
; |AD_DA|ADC0832:u1|output_order        ; |AD_DA|ADC0832:u1|output_order        ; combout          ;
; |AD_DA|temp[1]                        ; |AD_DA|temp[1]                        ; combout          ;
; |AD_DA|temp[2]                        ; |AD_DA|temp[2]                        ; combout          ;
; |AD_DA|temp[3]                        ; |AD_DA|temp[3]                        ; combout          ;
; |AD_DA|temp[4]                        ; |AD_DA|temp[4]                        ; combout          ;
; |AD_DA|temp[7]                        ; |AD_DA|temp[7]                        ; combout          ;
; |AD_DA|Parallel_Data[4]               ; |AD_DA|Parallel_Data[4]               ; combout          ;
; |AD_DA|Parallel_Data[5]               ; |AD_DA|Parallel_Data[5]               ; combout          ;
; |AD_DA|ADC0832:u1|data_input_model[1] ; |AD_DA|ADC0832:u1|data_input_model[1] ; combout          ;
; |AD_DA|CH1_1[6]                       ; |AD_DA|CH1_1[6]~corein                ; combout          ;
; |AD_DA|CH0_1[6]                       ; |AD_DA|CH0_1[6]~corein                ; combout          ;
; |AD_DA|CH1_1[2]                       ; |AD_DA|CH1_1[2]~corein                ; combout          ;
; |AD_DA|CH0_1[2]                       ; |AD_DA|CH0_1[2]~corein                ; combout          ;
; |AD_DA|CH1_1[1]                       ; |AD_DA|CH1_1[1]~corein                ; combout          ;
; |AD_DA|CH0_1[1]                       ; |AD_DA|CH0_1[1]~corein                ; combout          ;
; |AD_DA|CH1_1[3]                       ; |AD_DA|CH1_1[3]~corein                ; combout          ;
; |AD_DA|CH0_1[3]                       ; |AD_DA|CH0_1[3]~corein                ; combout          ;
; |AD_DA|CH1_1[5]                       ; |AD_DA|CH1_1[5]~corein                ; combout          ;
; |AD_DA|CH0_1[5]                       ; |AD_DA|CH0_1[5]~corein                ; combout          ;
; |AD_DA|CH1_1[7]                       ; |AD_DA|CH1_1[7]~corein                ; combout          ;
; |AD_DA|CH0_1[7]                       ; |AD_DA|CH0_1[7]~corein                ; combout          ;
; |AD_DA|CH1_1[4]                       ; |AD_DA|CH1_1[4]~corein                ; combout          ;
; |AD_DA|CH0_1[4]                       ; |AD_DA|CH0_1[4]~corein                ; combout          ;
; |AD_DA|CH1_1[0]                       ; |AD_DA|CH1_1[0]~corein                ; combout          ;
; |AD_DA|CH0_1[0]                       ; |AD_DA|CH0_1[0]~corein                ; combout          ;
; |AD_DA|CS_output                      ; |AD_DA|CS_output                      ; padio            ;
; |AD_DA|DataA_output[7]                ; |AD_DA|DataA_output[7]                ; padio            ;
; |AD_DA|stu_no[4]                      ; |AD_DA|stu_no[4]                      ; padio            ;
; |AD_DA|stu_no[5]                      ; |AD_DA|stu_no[5]                      ; padio            ;
; |AD_DA|stu_no[7]                      ; |AD_DA|stu_no[7]                      ; padio            ;
; |AD_DA|stu_no[8]                      ; |AD_DA|stu_no[8]                      ; padio            ;
; |AD_DA|stu_no[9]                      ; |AD_DA|stu_no[9]                      ; padio            ;
; |AD_DA|stu_no[10]                     ; |AD_DA|stu_no[10]                     ; padio            ;
; |AD_DA|stu_no[11]                     ; |AD_DA|stu_no[11]                     ; padio            ;
; |AD_DA|stu_no[12]                     ; |AD_DA|stu_no[12]                     ; padio            ;
; |AD_DA|stu_no[13]                     ; |AD_DA|stu_no[13]                     ; padio            ;
; |AD_DA|stu_no[14]                     ; |AD_DA|stu_no[14]                     ; padio            ;
; |AD_DA|stu_no[15]                     ; |AD_DA|stu_no[15]                     ; padio            ;
; |AD_DA|stu_no[16]                     ; |AD_DA|stu_no[16]                     ; padio            ;
; |AD_DA|stu_no[17]                     ; |AD_DA|stu_no[17]                     ; padio            ;
; |AD_DA|stu_no[18]                     ; |AD_DA|stu_no[18]                     ; padio            ;
; |AD_DA|stu_no[19]                     ; |AD_DA|stu_no[19]                     ; padio            ;
; |AD_DA|stu_no[20]                     ; |AD_DA|stu_no[20]                     ; padio            ;
; |AD_DA|stu_no[21]                     ; |AD_DA|stu_no[21]                     ; padio            ;
; |AD_DA|stu_no[22]                     ; |AD_DA|stu_no[22]                     ; padio            ;
; |AD_DA|stu_no[23]                     ; |AD_DA|stu_no[23]                     ; padio            ;
; |AD_DA|stu_no[24]                     ; |AD_DA|stu_no[24]                     ; padio            ;
; |AD_DA|stu_no[25]                     ; |AD_DA|stu_no[25]                     ; padio            ;
; |AD_DA|stu_no[26]                     ; |AD_DA|stu_no[26]                     ; padio            ;
; |AD_DA|stu_no[27]                     ; |AD_DA|stu_no[27]                     ; padio            ;
; |AD_DA|stu_no[28]                     ; |AD_DA|stu_no[28]                     ; padio            ;
; |AD_DA|stu_no[29]                     ; |AD_DA|stu_no[29]                     ; padio            ;
; |AD_DA|stu_no[30]                     ; |AD_DA|stu_no[30]                     ; padio            ;
; |AD_DA|stu_no[31]                     ; |AD_DA|stu_no[31]                     ; padio            ;
; |AD_DA|D[4]                           ; |AD_DA|D[4]                           ; padio            ;
; |AD_DA|D[5]                           ; |AD_DA|D[5]                           ; padio            ;
; |AD_DA|D[7]                           ; |AD_DA|D[7]                           ; padio            ;
; |AD_DA|WR1                            ; |AD_DA|WR1                            ; padio            ;
; |AD_DA|XFER                           ; |AD_DA|XFER                           ; padio            ;
; |AD_DA|WR2                            ; |AD_DA|WR2                            ; padio            ;
+---------------------------------------+---------------------------------------+------------------+


The following table displays output ports that do not toggle to 0 during simulation.
+------------------------------------------------------------------------------------------------------------------------+
; Missing 0-Value Coverage                                                                                               ;
+--------------------------------------------------+--------------------------------------------------+------------------+
; Node Name                                        ; Output Port Name                                 ; Output Port Type ;
+--------------------------------------------------+--------------------------------------------------+------------------+
; |AD_DA|ADC0832:u1|current_state.Start_Order_Wait ; |AD_DA|ADC0832:u1|current_state.Start_Order_Wait ; regout           ;
; |AD_DA|ADC0832:u1|current_state.Data_Output      ; |AD_DA|ADC0832:u1|state_signal~4                 ; combout          ;
; |AD_DA|ADC0832:u1|current_state.Data_Output      ; |AD_DA|ADC0832:u1|current_state.Data_Output      ; regout           ;
; |AD_DA|DataA[5]                                  ; |AD_DA|DataA[5]                                  ; regout           ;
; |AD_DA|DataA[7]                                  ; |AD_DA|DataA[7]                                  ; regout           ;
; |AD_DA|DataB[0]                                  ; |AD_DA|DataB[0]                                  ; regout           ;
; |AD_DA|COUNT2[2]                                 ; |AD_DA|COUNT2[2]~1                               ; cout0            ;
; |AD_DA|COUNT2[2]                                 ; |AD_DA|COUNT2[2]~1COUT1_91                       ; cout1            ;
; |AD_DA|COUNT2[3]                                 ; |AD_DA|COUNT2[3]~3                               ; cout0            ;
; |AD_DA|COUNT2[3]                                 ; |AD_DA|COUNT2[3]~3COUT1_93                       ; cout1            ;
; |AD_DA|COUNT2[4]                                 ; |AD_DA|COUNT2[4]~5                               ; cout0            ;
; |AD_DA|COUNT2[4]                                 ; |AD_DA|COUNT2[4]~5COUT1_95                       ; cout1            ;
; |AD_DA|COUNT2[5]                                 ; |AD_DA|COUNT2[5]~7                               ; cout             ;
; |AD_DA|COUNT2[6]                                 ; |AD_DA|COUNT2[6]~9                               ; cout0            ;
; |AD_DA|COUNT2[6]                                 ; |AD_DA|COUNT2[6]~9COUT1_97                       ; cout1            ;
; |AD_DA|COUNT2[7]                                 ; |AD_DA|COUNT2[7]~11                              ; cout0            ;
; |AD_DA|COUNT2[7]                                 ; |AD_DA|COUNT2[7]~11COUT1_99                      ; cout1            ;
; |AD_DA|COUNT2[8]                                 ; |AD_DA|COUNT2[8]~13                              ; cout0            ;
; |AD_DA|COUNT2[8]                                 ; |AD_DA|COUNT2[8]~13COUT1_101                     ; cout1            ;
; |AD_DA|COUNT2[9]                                 ; |AD_DA|COUNT2[9]~15                              ; cout0            ;
; |AD_DA|COUNT2[9]                                 ; |AD_DA|COUNT2[9]~15COUT1_103                     ; cout1            ;
; |AD_DA|Equal2~1                                  ; |AD_DA|Equal2~1                                  ; combout          ;
; |AD_DA|COUNT2[10]                                ; |AD_DA|COUNT2[10]~17                             ; cout             ;
; |AD_DA|COUNT2[11]                                ; |AD_DA|COUNT2[11]~19                             ; cout0            ;
; |AD_DA|COUNT2[11]                                ; |AD_DA|COUNT2[11]~19COUT1_105                    ; cout1            ;
; |AD_DA|COUNT2[12]                                ; |AD_DA|COUNT2[12]~21                             ; cout0            ;
; |AD_DA|COUNT2[12]                                ; |AD_DA|COUNT2[12]~21COUT1_107                    ; cout1            ;
; |AD_DA|COUNT2[13]                                ; |AD_DA|COUNT2[13]~23                             ; cout0            ;
; |AD_DA|COUNT2[13]                                ; |AD_DA|COUNT2[13]~23COUT1_109                    ; cout1            ;
; |AD_DA|Equal2~2                                  ; |AD_DA|Equal2~2                                  ; combout          ;
; |AD_DA|COUNT2[14]                                ; |AD_DA|COUNT2[14]~25                             ; cout0            ;
; |AD_DA|COUNT2[14]                                ; |AD_DA|COUNT2[14]~25COUT1_111                    ; cout1            ;
; |AD_DA|COUNT2[15]                                ; |AD_DA|COUNT2[15]~27                             ; cout             ;
; |AD_DA|COUNT2[16]                                ; |AD_DA|COUNT2[16]~29                             ; cout0            ;
; |AD_DA|COUNT2[16]                                ; |AD_DA|COUNT2[16]~29COUT1_113                    ; cout1            ;
; |AD_DA|COUNT2[17]                                ; |AD_DA|COUNT2[17]~31                             ; cout0            ;
; |AD_DA|COUNT2[17]                                ; |AD_DA|COUNT2[17]~31COUT1_115                    ; cout1            ;
; |AD_DA|Equal2~3                                  ; |AD_DA|Equal2~3                                  ; combout          ;
; |AD_DA|COUNT2[18]                                ; |AD_DA|COUNT2[18]~33                             ; cout0            ;
; |AD_DA|COUNT2[18]                                ; |AD_DA|COUNT2[18]~33COUT1_117                    ; cout1            ;
; |AD_DA|COUNT2[19]                                ; |AD_DA|COUNT2[19]~35                             ; cout0            ;
; |AD_DA|COUNT2[19]                                ; |AD_DA|COUNT2[19]~35COUT1_119                    ; cout1            ;
; |AD_DA|COUNT2[20]                                ; |AD_DA|COUNT2[20]~37                             ; cout             ;
; |AD_DA|COUNT2[21]                                ; |AD_DA|COUNT2[21]~39                             ; cout0            ;
; |AD_DA|COUNT2[21]                                ; |AD_DA|COUNT2[21]~39COUT1_121                    ; cout1            ;
; |AD_DA|Equal2~5                                  ; |AD_DA|Equal2~5                                  ; combout          ;
; |AD_DA|COUNT2[22]                                ; |AD_DA|COUNT2[22]~41                             ; cout0            ;
; |AD_DA|COUNT2[22]                                ; |AD_DA|COUNT2[22]~41COUT1_123                    ; cout1            ;
; |AD_DA|COUNT2[23]                                ; |AD_DA|COUNT2[23]~43                             ; cout0            ;
; |AD_DA|COUNT2[23]                                ; |AD_DA|COUNT2[23]~43COUT1_125                    ; cout1            ;
; |AD_DA|COUNT2[24]                                ; |AD_DA|COUNT2[24]~45                             ; cout0            ;
; |AD_DA|COUNT2[24]                                ; |AD_DA|COUNT2[24]~45COUT1_127                    ; cout1            ;
; |AD_DA|COUNT2[25]                                ; |AD_DA|COUNT2[25]~47                             ; cout             ;
; |AD_DA|Equal2~6                                  ; |AD_DA|Equal2~6                                  ; combout          ;
; |AD_DA|COUNT2[26]                                ; |AD_DA|COUNT2[26]~49                             ; cout0            ;
; |AD_DA|COUNT2[26]                                ; |AD_DA|COUNT2[26]~49COUT1_129                    ; cout1            ;
; |AD_DA|COUNT2[27]                                ; |AD_DA|COUNT2[27]~51                             ; cout0            ;
; |AD_DA|COUNT2[27]                                ; |AD_DA|COUNT2[27]~51COUT1_131                    ; cout1            ;
; |AD_DA|Equal2~7                                  ; |AD_DA|Equal2~7                                  ; combout          ;
; |AD_DA|COUNT2[30]                                ; |AD_DA|COUNT2[30]~53                             ; cout             ;
; |AD_DA|COUNT2[28]                                ; |AD_DA|COUNT2[28]~55                             ; cout0            ;
; |AD_DA|COUNT2[28]                                ; |AD_DA|COUNT2[28]~55COUT1_133                    ; cout1            ;
; |AD_DA|COUNT2[29]                                ; |AD_DA|COUNT2[29]~57                             ; cout0            ;
; |AD_DA|COUNT2[29]                                ; |AD_DA|COUNT2[29]~57COUT1_135                    ; cout1            ;
; |AD_DA|Equal2~8                                  ; |AD_DA|Equal2~8                                  ; combout          ;
; |AD_DA|COUNT2[31]                                ; |AD_DA|COUNT2[31]                                ; regout           ;
; |AD_DA|COUNT1[4]                                 ; |AD_DA|COUNT1[4]~1                               ; cout0            ;
; |AD_DA|COUNT1[4]                                 ; |AD_DA|COUNT1[4]~1COUT1_95                       ; cout1            ;
; |AD_DA|COUNT1[5]                                 ; |AD_DA|COUNT1[5]~3                               ; cout             ;
; |AD_DA|COUNT1[6]                                 ; |AD_DA|COUNT1[6]~5                               ; cout0            ;
; |AD_DA|COUNT1[6]                                 ; |AD_DA|COUNT1[6]~5COUT1_97                       ; cout1            ;
; |AD_DA|COUNT1[7]                                 ; |AD_DA|COUNT1[7]~7                               ; cout0            ;
; |AD_DA|COUNT1[7]                                 ; |AD_DA|COUNT1[7]~7COUT1_99                       ; cout1            ;
; |AD_DA|Equal5~0                                  ; |AD_DA|Equal5~0                                  ; combout          ;
; |AD_DA|COUNT1[8]                                 ; |AD_DA|COUNT1[8]~9                               ; cout0            ;
; |AD_DA|COUNT1[8]                                 ; |AD_DA|COUNT1[8]~9COUT1_101                      ; cout1            ;
; |AD_DA|COUNT1[9]                                 ; |AD_DA|COUNT1[9]~11                              ; cout0            ;
; |AD_DA|COUNT1[9]                                 ; |AD_DA|COUNT1[9]~11COUT1_103                     ; cout1            ;
; |AD_DA|COUNT1[10]                                ; |AD_DA|COUNT1[10]~13                             ; cout             ;
; |AD_DA|COUNT1[11]                                ; |AD_DA|COUNT1[11]~15                             ; cout0            ;
; |AD_DA|COUNT1[11]                                ; |AD_DA|COUNT1[11]~15COUT1_105                    ; cout1            ;
; |AD_DA|Equal5~1                                  ; |AD_DA|Equal5~1                                  ; combout          ;
; |AD_DA|COUNT1[12]                                ; |AD_DA|COUNT1[12]~17                             ; cout0            ;
; |AD_DA|COUNT1[12]                                ; |AD_DA|COUNT1[12]~17COUT1_107                    ; cout1            ;
; |AD_DA|COUNT1[13]                                ; |AD_DA|COUNT1[13]~19                             ; cout0            ;
; |AD_DA|COUNT1[13]                                ; |AD_DA|COUNT1[13]~19COUT1_109                    ; cout1            ;
; |AD_DA|COUNT1[14]                                ; |AD_DA|COUNT1[14]~21                             ; cout0            ;
; |AD_DA|COUNT1[14]                                ; |AD_DA|COUNT1[14]~21COUT1_111                    ; cout1            ;
; |AD_DA|COUNT1[15]                                ; |AD_DA|COUNT1[15]~23                             ; cout             ;
; |AD_DA|Equal5~2                                  ; |AD_DA|Equal5~2                                  ; combout          ;
; |AD_DA|COUNT1[16]                                ; |AD_DA|COUNT1[16]~25                             ; cout0            ;
; |AD_DA|COUNT1[16]                                ; |AD_DA|COUNT1[16]~25COUT1_113                    ; cout1            ;
; |AD_DA|COUNT1[17]                                ; |AD_DA|COUNT1[17]~27                             ; cout0            ;
; |AD_DA|COUNT1[17]                                ; |AD_DA|COUNT1[17]~27COUT1_115                    ; cout1            ;
; |AD_DA|COUNT1[18]                                ; |AD_DA|COUNT1[18]~29                             ; cout0            ;
; |AD_DA|COUNT1[18]                                ; |AD_DA|COUNT1[18]~29COUT1_117                    ; cout1            ;
; |AD_DA|COUNT1[19]                                ; |AD_DA|COUNT1[19]~31                             ; cout0            ;
; |AD_DA|COUNT1[19]                                ; |AD_DA|COUNT1[19]~31COUT1_119                    ; cout1            ;
; |AD_DA|Equal5~3                                  ; |AD_DA|Equal5~3                                  ; combout          ;
; |AD_DA|Equal5~4                                  ; |AD_DA|Equal5~4                                  ; combout          ;
; |AD_DA|COUNT1[20]                                ; |AD_DA|COUNT1[20]~33                             ; cout             ;
; |AD_DA|COUNT1[21]                                ; |AD_DA|COUNT1[21]~35                             ; cout0            ;
; |AD_DA|COUNT1[21]                                ; |AD_DA|COUNT1[21]~35COUT1_121                    ; cout1            ;
; |AD_DA|COUNT1[22]                                ; |AD_DA|COUNT1[22]~37                             ; cout0            ;
; |AD_DA|COUNT1[22]                                ; |AD_DA|COUNT1[22]~37COUT1_123                    ; cout1            ;
; |AD_DA|COUNT1[23]                                ; |AD_DA|COUNT1[23]~39                             ; cout0            ;
; |AD_DA|COUNT1[23]                                ; |AD_DA|COUNT1[23]~39COUT1_125                    ; cout1            ;
; |AD_DA|Equal5~5                                  ; |AD_DA|Equal5~5                                  ; combout          ;
; |AD_DA|COUNT1[24]                                ; |AD_DA|COUNT1[24]~41                             ; cout0            ;
; |AD_DA|COUNT1[24]                                ; |AD_DA|COUNT1[24]~41COUT1_127                    ; cout1            ;
; |AD_DA|Equal5~6                                  ; |AD_DA|Equal5~6                                  ; combout          ;
; |AD_DA|COUNT1[25]                                ; |AD_DA|COUNT1[25]~43                             ; cout             ;
; |AD_DA|COUNT1[26]                                ; |AD_DA|COUNT1[26]~45                             ; cout0            ;
; |AD_DA|COUNT1[26]                                ; |AD_DA|COUNT1[26]~45COUT1_129                    ; cout1            ;
; |AD_DA|COUNT1[27]                                ; |AD_DA|COUNT1[27]~47                             ; cout0            ;
; |AD_DA|COUNT1[27]                                ; |AD_DA|COUNT1[27]~47COUT1_131                    ; cout1            ;
; |AD_DA|COUNT1[28]                                ; |AD_DA|COUNT1[28]~49                             ; cout0            ;
; |AD_DA|COUNT1[28]                                ; |AD_DA|COUNT1[28]~49COUT1_133                    ; cout1            ;
; |AD_DA|Equal5~7                                  ; |AD_DA|Equal5~7                                  ; combout          ;
; |AD_DA|COUNT1[29]                                ; |AD_DA|COUNT1[29]~51                             ; cout0            ;
; |AD_DA|COUNT1[29]                                ; |AD_DA|COUNT1[29]~51COUT1_135                    ; cout1            ;
; |AD_DA|COUNT1[30]                                ; |AD_DA|COUNT1[30]~53                             ; cout             ;
; |AD_DA|Equal5~8                                  ; |AD_DA|Equal5~8                                  ; combout          ;
; |AD_DA|Equal5~10                                 ; |AD_DA|Equal5~10                                 ; combout          ;
; |AD_DA|DataB[0]~0                                ; |AD_DA|DataB[0]~0                                ; combout          ;
; |AD_DA|DataA[6]                                  ; |AD_DA|DataA[6]                                  ; regout           ;
; |AD_DA|stu_no~0                                  ; |AD_DA|stu_no~0                                  ; combout          ;
; |AD_DA|stu_no~1                                  ; |AD_DA|stu_no~1                                  ; combout          ;
; |AD_DA|stu_no~2                                  ; |AD_DA|stu_no~2                                  ; combout          ;
; |AD_DA|stu_no~3                                  ; |AD_DA|stu_no~3                                  ; combout          ;
; |AD_DA|stu_no~6                                  ; |AD_DA|stu_no~6                                  ; combout          ;
; |AD_DA|current_state.IDLE                        ; |AD_DA|current_state.IDLE                        ; regout           ;
; |AD_DA|ADC0832:u1|Add0~7                         ; |AD_DA|ADC0832:u1|Add0~7                         ; combout          ;
; |AD_DA|ADC0832:u1|Add0~8                         ; |AD_DA|ADC0832:u1|Add0~8                         ; combout          ;
; |AD_DA|ADC0832:u1|Add0~15                        ; |AD_DA|ADC0832:u1|Add0~15                        ; combout          ;
; |AD_DA|ADC0832:u1|Add0~22                        ; |AD_DA|ADC0832:u1|Add0~22                        ; combout          ;
; |AD_DA|ADC0832:u1|Add0~36                        ; |AD_DA|ADC0832:u1|Add0~36                        ; combout          ;
; |AD_DA|ADC0832:u1|Add0~43                        ; |AD_DA|ADC0832:u1|Add0~43                        ; combout          ;
; |AD_DA|ADC0832:u1|Add0~51                        ; |AD_DA|ADC0832:u1|Add0~51                        ; combout          ;
; |AD_DA|ADC0832:u1|Add0~56                        ; |AD_DA|ADC0832:u1|Add0~56                        ; combout          ;
; |AD_DA|ADC0832:u1|data[6]                        ; |AD_DA|ADC0832:u1|data[6]                        ; combout          ;
; |AD_DA|ADC0832:u1|data[5]                        ; |AD_DA|ADC0832:u1|data[5]                        ; combout          ;
; |AD_DA|ADC0832:u1|data[0]                        ; |AD_DA|ADC0832:u1|data[0]                        ; combout          ;
; |AD_DA|temp[5]                                   ; |AD_DA|temp[5]                                   ; combout          ;
; |AD_DA|temp[6]                                   ; |AD_DA|temp[6]                                   ; combout          ;
; |AD_DA|Parallel_Data[0]                          ; |AD_DA|Parallel_Data[0]                          ; combout          ;
; |AD_DA|Parallel_Data[1]                          ; |AD_DA|Parallel_Data[1]                          ; combout          ;
; |AD_DA|Parallel_Data[2]                          ; |AD_DA|Parallel_Data[2]                          ; combout          ;
; |AD_DA|Parallel_Data[3]                          ; |AD_DA|Parallel_Data[3]                          ; combout          ;
; |AD_DA|Parallel_Data[6]                          ; |AD_DA|Parallel_Data[6]                          ; combout          ;
; |AD_DA|CH1_1[6]                                  ; |AD_DA|CH1_1[6]~corein                           ; combout          ;
; |AD_DA|CH0_1[6]                                  ; |AD_DA|CH0_1[6]~corein                           ; combout          ;
; |AD_DA|CH1_1[2]                                  ; |AD_DA|CH1_1[2]~corein                           ; combout          ;
; |AD_DA|CH0_1[2]                                  ; |AD_DA|CH0_1[2]~corein                           ; combout          ;
; |AD_DA|CH1_1[1]                                  ; |AD_DA|CH1_1[1]~corein                           ; combout          ;
; |AD_DA|CH0_1[1]                                  ; |AD_DA|CH0_1[1]~corein                           ; combout          ;
; |AD_DA|CH1_1[3]                                  ; |AD_DA|CH1_1[3]~corein                           ; combout          ;
; |AD_DA|CH0_1[3]                                  ; |AD_DA|CH0_1[3]~corein                           ; combout          ;
; |AD_DA|CH1_1[5]                                  ; |AD_DA|CH1_1[5]~corein                           ; combout          ;
; |AD_DA|CH0_1[5]                                  ; |AD_DA|CH0_1[5]~corein                           ; combout          ;
; |AD_DA|CH1_1[7]                                  ; |AD_DA|CH1_1[7]~corein                           ; combout          ;
; |AD_DA|CH0_1[7]                                  ; |AD_DA|CH0_1[7]~corein                           ; combout          ;
; |AD_DA|CH1_1[4]                                  ; |AD_DA|CH1_1[4]~corein                           ; combout          ;
; |AD_DA|CH0_1[4]                                  ; |AD_DA|CH0_1[4]~corein                           ; combout          ;
; |AD_DA|CH1_1[0]                                  ; |AD_DA|CH1_1[0]~corein                           ; combout          ;
; |AD_DA|CH0_1[0]                                  ; |AD_DA|CH0_1[0]~corein                           ; combout          ;
; |AD_DA|CS_output                                 ; |AD_DA|CS_output                                 ; padio            ;
; |AD_DA|state_signal_1[2]                         ; |AD_DA|state_signal_1[2]                         ; padio            ;
; |AD_DA|DataA_output[5]                           ; |AD_DA|DataA_output[5]                           ; padio            ;
; |AD_DA|DataA_output[6]                           ; |AD_DA|DataA_output[6]                           ; padio            ;
; |AD_DA|DataA_output[7]                           ; |AD_DA|DataA_output[7]                           ; padio            ;
; |AD_DA|DataB_output[0]                           ; |AD_DA|DataB_output[0]                           ; padio            ;
; |AD_DA|stu_no[0]                                 ; |AD_DA|stu_no[0]                                 ; padio            ;
; |AD_DA|stu_no[1]                                 ; |AD_DA|stu_no[1]                                 ; padio            ;
; |AD_DA|stu_no[2]                                 ; |AD_DA|stu_no[2]                                 ; padio            ;
; |AD_DA|stu_no[3]                                 ; |AD_DA|stu_no[3]                                 ; padio            ;
; |AD_DA|stu_no[6]                                 ; |AD_DA|stu_no[6]                                 ; padio            ;
; |AD_DA|D[0]                                      ; |AD_DA|D[0]                                      ; padio            ;
; |AD_DA|D[1]                                      ; |AD_DA|D[1]                                      ; padio            ;
; |AD_DA|D[2]                                      ; |AD_DA|D[2]                                      ; padio            ;
; |AD_DA|D[3]                                      ; |AD_DA|D[3]                                      ; padio            ;
; |AD_DA|D[6]                                      ; |AD_DA|D[6]                                      ; padio            ;
; |AD_DA|D[7]                                      ; |AD_DA|D[7]                                      ; padio            ;
; |AD_DA|XFER                                      ; |AD_DA|XFER                                      ; padio            ;
; |AD_DA|WR2                                       ; |AD_DA|WR2                                       ; padio            ;
+--------------------------------------------------+--------------------------------------------------+------------------+


+---------------------+
; Simulator INI Usage ;
+--------+------------+
; Option ; Usage      ;
+--------+------------+


+--------------------+
; Simulator Messages ;
+--------------------+
Info: *******************************************************************
Info: Running Quartus II Simulator
    Info: Version 9.1 Build 222 10/21/2009 SJ Full Version
    Info: Processing started: Sun Oct 15 14:00:57 2017
Info: Command: quartus_sim --read_settings_files=on --write_settings_files=off AD_DA -c AD_DA
Info: Using vector source file "C:/Users/79864/Desktop//Test01.vwf"
Info: Option to preserve fewer signal transitions to reduce memory requirements is enabled
    Info: Simulation has been partitioned into sub-simulations according to the maximum transition count determined by the engine. Transitions from memory will be flushed out to disk at the end of each sub-simulation to reduce memory requirements.
Info: Simulation partitioned into 1 sub-simulations
Info: Simulation coverage is      34.44 %
Info: Number of transitions in simulation is 672
Info: Quartus II Simulator was successful. 0 errors, 0 warnings
    Info: Peak virtual memory: 175 megabytes
    Info: Processing ended: Sun Oct 15 14:00:58 2017
    Info: Elapsed time: 00:00:01
    Info: Total CPU time (on all processors): 00:00:00


