Analysis & Synthesis report for AD_DA
Sat Oct 14 22:56:33 2017
Quartus II Version 9.1 Build 222 10/21/2009 SJ Full Version


---------------------
; Table of Contents ;
---------------------
  1. Legal Notice
  2. Analysis & Synthesis Summary
  3. Analysis & Synthesis Settings
  4. Parallel Compilation
  5. Analysis & Synthesis Source Files Read
  6. Analysis & Synthesis Resource Usage Summary
  7. Analysis & Synthesis Resource Utilization by Entity
  8. State Machine - |AD_DA|current_state
  9. State Machine - |AD_DA|ADC0832:u1|current_state
 10. User-Specified and Inferred Latches
 11. General Register Statistics
 12. Multiplexer Restructuring Statistics (Restructuring Performed)
 13. Port Connectivity Checks: "ADC0832:u1"
 14. Analysis & Synthesis Messages



----------------
; Legal Notice ;
----------------
Copyright (C) 1991-2009 Altera Corporation
Your use of Altera Corporation's design tools, logic functions 
and other software and tools, and its AMPP partner logic 
functions, and any output files from any of the foregoing 
(including device programming or simulation files), and any 
associated documentation or information are expressly subject 
to the terms and conditions of the Altera Program License 
Subscription Agreement, Altera MegaCore Function License 
Agreement, or other applicable license agreement, including, 
without limitation, that your use is for the sole purpose of 
programming logic devices manufactured by Altera and sold by 
Altera or its authorized distributors.  Please refer to the 
applicable agreement for further details.



+------------------------------------------------------------------------+
; Analysis & Synthesis Summary                                           ;
+-----------------------------+------------------------------------------+
; Analysis & Synthesis Status ; Successful - Sat Oct 14 22:56:33 2017    ;
; Quartus II Version          ; 9.1 Build 222 10/21/2009 SJ Full Version ;
; Revision Name               ; AD_DA                                    ;
; Top-level Entity Name       ; AD_DA                                    ;
; Family                      ; MAX II                                   ;
; Total logic elements        ; 271                                      ;
; Total pins                  ; 259                                      ;
; Total virtual pins          ; 0                                        ;
; UFM blocks                  ; 0 / 1 ( 0 % )                            ;
+-----------------------------+------------------------------------------+


+----------------------------------------------------------------------------------------------------------------------+
; Analysis & Synthesis Settings                                                                                        ;
+----------------------------------------------------------------------------+--------------------+--------------------+
; Option                                                                     ; Setting            ; Default Value      ;
+----------------------------------------------------------------------------+--------------------+--------------------+
; Top-level entity name                                                      ; AD_DA              ; AD_DA              ;
; Family name                                                                ; MAX II             ; Stratix II         ;
; Use Generated Physical Constraints File                                    ; Off                ;                    ;
; Use smart compilation                                                      ; Off                ; Off                ;
; Enable parallel Assembler and TimeQuest Timing Analyzer during compilation ; On                 ; On                 ;
; Enable compact report table                                                ; Off                ; Off                ;
; Restructure Multiplexers                                                   ; Auto               ; Auto               ;
; Create Debugging Nodes for IP Cores                                        ; Off                ; Off                ;
; Preserve fewer node names                                                  ; On                 ; On                 ;
; Disable OpenCore Plus hardware evaluation                                  ; Off                ; Off                ;
; Verilog Version                                                            ; Verilog_2001       ; Verilog_2001       ;
; VHDL Version                                                               ; VHDL_1993          ; VHDL_1993          ;
; State Machine Processing                                                   ; Auto               ; Auto               ;
; Safe State Machine                                                         ; Off                ; Off                ;
; Extract Verilog State Machines                                             ; On                 ; On                 ;
; Extract VHDL State Machines                                                ; On                 ; On                 ;
; Ignore Verilog initial constructs                                          ; Off                ; Off                ;
; Iteration limit for constant Verilog loops                                 ; 5000               ; 5000               ;
; Iteration limit for non-constant Verilog loops                             ; 250                ; 250                ;
; Add Pass-Through Logic to Inferred RAMs                                    ; On                 ; On                 ;
; Parallel Synthesis                                                         ; On                 ; On                 ;
; NOT Gate Push-Back                                                         ; On                 ; On                 ;
; Power-Up Don't Care                                                        ; On                 ; On                 ;
; Remove Redundant Logic Cells                                               ; Off                ; Off                ;
; Remove Duplicate Registers                                                 ; On                 ; On                 ;
; Ignore CARRY Buffers                                                       ; Off                ; Off                ;
; Ignore CASCADE Buffers                                                     ; Off                ; Off                ;
; Ignore GLOBAL Buffers                                                      ; Off                ; Off                ;
; Ignore ROW GLOBAL Buffers                                                  ; Off                ; Off                ;
; Ignore LCELL Buffers                                                       ; Off                ; Off                ;
; Ignore SOFT Buffers                                                        ; On                 ; On                 ;
; Limit AHDL Integers to 32 Bits                                             ; Off                ; Off                ;
; Optimization Technique                                                     ; Balanced           ; Balanced           ;
; Carry Chain Length                                                         ; 70                 ; 70                 ;
; Auto Carry Chains                                                          ; On                 ; On                 ;
; Auto Open-Drain Pins                                                       ; On                 ; On                 ;
; Perform WYSIWYG Primitive Resynthesis                                      ; Off                ; Off                ;
; Auto Shift Register Replacement                                            ; Auto               ; Auto               ;
; Auto Clock Enable Replacement                                              ; On                 ; On                 ;
; Allow Synchronous Control Signals                                          ; On                 ; On                 ;
; Force Use of Synchronous Clear Signals                                     ; Off                ; Off                ;
; Auto Resource Sharing                                                      ; Off                ; Off                ;
; Use LogicLock Constraints during Resource Balancing                        ; On                 ; On                 ;
; Ignore translate_off and synthesis_off directives                          ; Off                ; Off                ;
; Show Parameter Settings Tables in Synthesis Report                         ; On                 ; On                 ;
; Ignore Maximum Fan-Out Assignments                                         ; Off                ; Off                ;
; Synchronization Register Chain Length                                      ; 2                  ; 2                  ;
; PowerPlay Power Optimization                                               ; Normal compilation ; Normal compilation ;
; HDL message level                                                          ; Level2             ; Level2             ;
; Suppress Register Optimization Related Messages                            ; Off                ; Off                ;
; Number of Removed Registers Reported in Synthesis Report                   ; 100                ; 100                ;
; Number of Inverted Registers Reported in Synthesis Report                  ; 100                ; 100                ;
; Clock MUX Protection                                                       ; On                 ; On                 ;
; Block Design Naming                                                        ; Auto               ; Auto               ;
; Synthesis Effort                                                           ; Auto               ; Auto               ;
; Shift Register Replacement - Allow Asynchronous Clear Signal               ; On                 ; On                 ;
; Analysis & Synthesis Message Level                                         ; Medium             ; Medium             ;
; Disable Register Merging Across Hierarchies                                ; Auto               ; Auto               ;
+----------------------------------------------------------------------------+--------------------+--------------------+


+------------------------------------------+
; Parallel Compilation                     ;
+----------------------------+-------------+
; Processors                 ; Number      ;
+----------------------------+-------------+
; Number detected on machine ; 2           ;
; Maximum allowed            ; 2           ;
;                            ;             ;
; Average used               ; 1.00        ;
; Maximum used               ; 1           ;
;                            ;             ;
; Usage by Processor         ; % Time Used ;
;     1 processor            ; 100.0%      ;
;     2 processors           ;   0.0%      ;
+----------------------------+-------------+


+------------------------------------------------------------------------------------------------------------------------+
; Analysis & Synthesis Source Files Read                                                                                 ;
+----------------------------------+-----------------+-----------------+-------------------------------------------------+
; File Name with User-Entered Path ; Used in Netlist ; File Type       ; File Name with Absolute Path                    ;
+----------------------------------+-----------------+-----------------+-------------------------------------------------+
; ADC0832.vhd                      ; yes             ; User VHDL File  ; C:/Users/79864/Desktop/数电课程设计/ADC0832.vhd ;
; AD_DA.vhd                        ; yes             ; User VHDL File  ; C:/Users/79864/Desktop/数电课程设计/AD_DA.vhd   ;
+----------------------------------+-----------------+-----------------+-------------------------------------------------+


+-----------------------------------------------------+
; Analysis & Synthesis Resource Usage Summary         ;
+---------------------------------------------+-------+
; Resource                                    ; Usage ;
+---------------------------------------------+-------+
; Total logic elements                        ; 271   ;
;     -- Combinational with no register       ; 143   ;
;     -- Register only                        ; 19    ;
;     -- Combinational with a register        ; 109   ;
;                                             ;       ;
; Logic element usage by number of LUT inputs ;       ;
;     -- 4 input functions                    ; 46    ;
;     -- 3 input functions                    ; 73    ;
;     -- 2 input functions                    ; 130   ;
;     -- 1 input functions                    ; 2     ;
;     -- 0 input functions                    ; 1     ;
;                                             ;       ;
; Logic elements by mode                      ;       ;
;     -- normal mode                          ; 174   ;
;     -- arithmetic mode                      ; 97    ;
;     -- qfbk mode                            ; 0     ;
;     -- register cascade mode                ; 0     ;
;     -- synchronous clear/load mode          ; 0     ;
;     -- asynchronous clear/load mode         ; 0     ;
;                                             ;       ;
; Total registers                             ; 128   ;
; Total logic cells in carry chains           ; 101   ;
; I/O pins                                    ; 259   ;
; Maximum fan-out node                        ; clk_1 ;
; Maximum fan-out                             ; 128   ;
; Total fan-out                               ; 1054  ;
; Average fan-out                             ; 1.99  ;
+---------------------------------------------+-------+


+----------------------------------------------------------------------------------------------------------------------------------------------------------------------------------------------------------------------+
; Analysis & Synthesis Resource Utilization by Entity                                                                                                                                                                  ;
+----------------------------+-------------+--------------+------------+------+--------------+--------------+-------------------+------------------+-----------------+------------+---------------------+--------------+
; Compilation Hierarchy Node ; Logic Cells ; LC Registers ; UFM Blocks ; Pins ; Virtual Pins ; LUT-Only LCs ; Register-Only LCs ; LUT/Register LCs ; Carry Chain LCs ; Packed LCs ; Full Hierarchy Name ; Library Name ;
+----------------------------+-------------+--------------+------------+------+--------------+--------------+-------------------+------------------+-----------------+------------+---------------------+--------------+
; |AD_DA                     ; 271 (196)   ; 128          ; 0          ; 259  ; 0            ; 143 (78)     ; 19 (16)           ; 109 (102)        ; 101 (93)        ; 0 (0)      ; |AD_DA              ; work         ;
;    |ADC0832:u1|            ; 75 (75)     ; 10           ; 0          ; 0    ; 0            ; 65 (65)      ; 3 (3)             ; 7 (7)            ; 8 (8)           ; 0 (0)      ; |AD_DA|ADC0832:u1   ; work         ;
+----------------------------+-------------+--------------+------------+------+--------------+--------------+-------------------+------------------+-----------------+------------+---------------------+--------------+
Note: For table entries with two numbers listed, the numbers in parentheses indicate the number of resources of the given type used by the specific entity alone. The numbers listed outside of parentheses indicate the total resources of the given type used by the specific entity and all of its sub-entities in the hierarchy.


Encoding Type:  One-Hot
+-------------------------------------------------------------------------------------------------------------------------------------------------------------+
; State Machine - |AD_DA|current_state                                                                                                                        ;
+----------------------------+-------------------------+--------------------------+----------------------------+-------------------------+--------------------+
; Name                       ; current_state.DAC_START ; current_state.DATA_CHECK ; current_state.DATA_RECEIVE ; current_state.ADC_START ; current_state.IDLE ;
+----------------------------+-------------------------+--------------------------+----------------------------+-------------------------+--------------------+
; current_state.IDLE         ; 0                       ; 0                        ; 0                          ; 0                       ; 0                  ;
; current_state.ADC_START    ; 0                       ; 0                        ; 0                          ; 1                       ; 1                  ;
; current_state.DATA_RECEIVE ; 0                       ; 0                        ; 1                          ; 0                       ; 1                  ;
; current_state.DATA_CHECK   ; 0                       ; 1                        ; 0                          ; 0                       ; 1                  ;
; current_state.DAC_START    ; 1                       ; 0                        ; 0                          ; 0                       ; 1                  ;
+----------------------------+-------------------------+--------------------------+----------------------------+-------------------------+--------------------+


Encoding Type:  One-Hot
+------------------------------------------------------------------------------------------------------------------------------------------------------------------------------------------------+
; State Machine - |AD_DA|ADC0832:u1|current_state                                                                                                                                                ;
+---------------------------------+---------------------------+------------------------------+---------------------------------+--------------------------------+--------------------------------+
; Name                            ; current_state.Data_Output ; current_state.Data_Transform ; current_state.Second_DI_Receive ; current_state.First_DI_Receive ; current_state.Start_Order_Wait ;
+---------------------------------+---------------------------+------------------------------+---------------------------------+--------------------------------+--------------------------------+
; current_state.Start_Order_Wait  ; 0                         ; 0                            ; 0                               ; 0                              ; 0                              ;
; current_state.First_DI_Receive  ; 0                         ; 0                            ; 0                               ; 1                              ; 1                              ;
; current_state.Second_DI_Receive ; 0                         ; 0                            ; 1                               ; 0                              ; 1                              ;
; current_state.Data_Transform    ; 0                         ; 1                            ; 0                               ; 0                              ; 1                              ;
; current_state.Data_Output       ; 1                         ; 0                            ; 0                               ; 0                              ; 1                              ;
+---------------------------------+---------------------------+------------------------------+---------------------------------+--------------------------------+--------------------------------+


+---------------------------------------------------------------------------------------------------------------------------+
; User-Specified and Inferred Latches                                                                                       ;
+-----------------------------------------------------+--------------------------------------------+------------------------+
; Latch Name                                          ; Latch Enable Signal                        ; Free of Timing Hazards ;
+-----------------------------------------------------+--------------------------------------------+------------------------+
; Parallel_Data[0]$latch                              ; current_state.DATA_CHECK                   ; yes                    ;
; Parallel_Data[1]$latch                              ; current_state.DATA_CHECK                   ; yes                    ;
; Parallel_Data[2]$latch                              ; current_state.DATA_CHECK                   ; yes                    ;
; Parallel_Data[3]$latch                              ; current_state.DATA_CHECK                   ; yes                    ;
; Parallel_Data[4]$latch                              ; current_state.DATA_CHECK                   ; yes                    ;
; Parallel_Data[5]$latch                              ; current_state.DATA_CHECK                   ; yes                    ;
; Parallel_Data[6]$latch                              ; current_state.DATA_CHECK                   ; yes                    ;
; Parallel_Data[7]$latch                              ; current_state.DATA_CHECK                   ; yes                    ;
; Parallel_Data[8]$latch                              ; current_state.DATA_CHECK                   ; yes                    ;
; Parallel_Data[9]$latch                              ; current_state.DATA_CHECK                   ; yes                    ;
; Parallel_Data[10]$latch                             ; current_state.DATA_CHECK                   ; yes                    ;
; Parallel_Data[11]$latch                             ; current_state.DATA_CHECK                   ; yes                    ;
; Parallel_Data[12]$latch                             ; current_state.DATA_CHECK                   ; yes                    ;
; Parallel_Data[13]$latch                             ; current_state.DATA_CHECK                   ; yes                    ;
; Parallel_Data[14]$latch                             ; current_state.DATA_CHECK                   ; yes                    ;
; Parallel_Data[15]$latch                             ; current_state.DATA_CHECK                   ; yes                    ;
; Parallel_Data[16]$latch                             ; current_state.DATA_CHECK                   ; yes                    ;
; Parallel_Data[17]$latch                             ; current_state.DATA_CHECK                   ; yes                    ;
; Parallel_Data[18]$latch                             ; current_state.DATA_CHECK                   ; yes                    ;
; Parallel_Data[19]$latch                             ; current_state.DATA_CHECK                   ; yes                    ;
; Parallel_Data[20]$latch                             ; current_state.DATA_CHECK                   ; yes                    ;
; Parallel_Data[21]$latch                             ; current_state.DATA_CHECK                   ; yes                    ;
; Parallel_Data[22]$latch                             ; current_state.DATA_CHECK                   ; yes                    ;
; Parallel_Data[23]$latch                             ; current_state.DATA_CHECK                   ; yes                    ;
; Parallel_Data[24]$latch                             ; current_state.DATA_CHECK                   ; yes                    ;
; Parallel_Data[25]$latch                             ; current_state.DATA_CHECK                   ; yes                    ;
; Parallel_Data[26]$latch                             ; current_state.DATA_CHECK                   ; yes                    ;
; Parallel_Data[27]$latch                             ; current_state.DATA_CHECK                   ; yes                    ;
; Parallel_Data[28]$latch                             ; current_state.DATA_CHECK                   ; yes                    ;
; Parallel_Data[29]$latch                             ; current_state.DATA_CHECK                   ; yes                    ;
; Parallel_Data[30]$latch                             ; current_state.DATA_CHECK                   ; yes                    ;
; Parallel_Data[31]$latch                             ; current_state.DATA_CHECK                   ; yes                    ;
; D[0]$latch                                          ; current_state.DAC_START                    ; yes                    ;
; D[1]$latch                                          ; current_state.DAC_START                    ; yes                    ;
; D[2]$latch                                          ; current_state.DAC_START                    ; yes                    ;
; D[3]$latch                                          ; current_state.DAC_START                    ; yes                    ;
; D[4]$latch                                          ; current_state.DAC_START                    ; yes                    ;
; D[5]$latch                                          ; current_state.DAC_START                    ; yes                    ;
; D[6]$latch                                          ; current_state.DAC_START                    ; yes                    ;
; WR1$latch                                           ; WideOr0                                    ; yes                    ;
; start_order                                         ; WideOr2                                    ; yes                    ;
; ADC0832:u1|data[6]                                  ; ADC0832:u1|current_state.Data_Transform    ; yes                    ;
; ADC0832:u1|data[2]                                  ; ADC0832:u1|current_state.Data_Transform    ; yes                    ;
; ADC0832:u1|data[1]                                  ; ADC0832:u1|current_state.Data_Transform    ; yes                    ;
; ADC0832:u1|data[3]                                  ; ADC0832:u1|current_state.Data_Transform    ; yes                    ;
; ADC0832:u1|data[5]                                  ; ADC0832:u1|current_state.Data_Transform    ; yes                    ;
; ADC0832:u1|data[7]                                  ; ADC0832:u1|current_state.Data_Transform    ; yes                    ;
; ADC0832:u1|data[4]                                  ; ADC0832:u1|current_state.Data_Transform    ; yes                    ;
; ADC0832:u1|data[0]                                  ; ADC0832:u1|current_state.Data_Transform    ; yes                    ;
; ADC0832:u1|output_order                             ; ADC0832:u1|output_order                    ; yes                    ;
; receive_order                                       ; WideOr1                                    ; yes                    ;
; temp[1]                                             ; temp[0]                                    ; yes                    ;
; temp[2]                                             ; temp[0]                                    ; yes                    ;
; temp[3]                                             ; temp[0]                                    ; yes                    ;
; temp[4]                                             ; temp[0]                                    ; yes                    ;
; temp[5]                                             ; temp[0]                                    ; yes                    ;
; temp[6]                                             ; temp[0]                                    ; yes                    ;
; temp[7]                                             ; temp[0]                                    ; yes                    ;
; Serial_Data[0]                                      ; current_state.DATA_CHECK                   ; yes                    ;
; Serial_Data[1]                                      ; current_state.DATA_CHECK                   ; yes                    ;
; Serial_Data[2]                                      ; current_state.DATA_CHECK                   ; yes                    ;
; Serial_Data[3]                                      ; current_state.DATA_CHECK                   ; yes                    ;
; Serial_Data[4]                                      ; current_state.DATA_CHECK                   ; yes                    ;
; Serial_Data[5]                                      ; current_state.DATA_CHECK                   ; yes                    ;
; Serial_Data[6]                                      ; current_state.DATA_CHECK                   ; yes                    ;
; ADC0832:u1|data_input_model[0]                      ; ADC0832:u1|current_state.Second_DI_Receive ; yes                    ;
; ADC0832:u1|data_input_model[1]                      ; ADC0832:u1|current_state.Second_DI_Receive ; yes                    ;
; ADC0832:u1|DI0                                      ; ADC0832:u1|current_state.Second_DI_Receive ; yes                    ;
; ADC0832:u1|DI1                                      ; ADC0832:u1|current_state.First_DI_Receive  ; yes                    ;
; Number of user-specified and inferred latches = 69  ;                                            ;                        ;
+-----------------------------------------------------+--------------------------------------------+------------------------+
Note: All latches listed above may not be present at the end of synthesis due to various synthesis optimizations.


+------------------------------------------------------+
; General Register Statistics                          ;
+----------------------------------------------+-------+
; Statistic                                    ; Value ;
+----------------------------------------------+-------+
; Total registers                              ; 128   ;
; Number of registers using Synchronous Clear  ; 0     ;
; Number of registers using Synchronous Load   ; 0     ;
; Number of registers using Asynchronous Clear ; 0     ;
; Number of registers using Asynchronous Load  ; 0     ;
; Number of registers using Clock Enable       ; 84    ;
; Number of registers using Preset             ; 0     ;
+----------------------------------------------+-------+


+------------------------------------------------------------------------------------------------------------------------------------------+
; Multiplexer Restructuring Statistics (Restructuring Performed)                                                                           ;
+--------------------+-----------+---------------+----------------------+------------------------+------------+----------------------------+
; Multiplexer Inputs ; Bus Width ; Baseline Area ; Area if Restructured ; Saving if Restructured ; Registered ; Example Multiplexer Output ;
+--------------------+-----------+---------------+----------------------+------------------------+------------+----------------------------+
; 3:1                ; 8 bits    ; 16 LEs        ; 0 LEs                ; 16 LEs                 ; Yes        ; |AD_DA|DataB[0]            ;
; 3:1                ; 8 bits    ; 16 LEs        ; 0 LEs                ; 16 LEs                 ; Yes        ; |AD_DA|DataA[1]            ;
; 4:1                ; 8 bits    ; 16 LEs        ; 16 LEs               ; 0 LEs                  ; No         ; |AD_DA|ADC0832:u1|Mux1     ;
+--------------------+-----------+---------------+----------------------+------------------------+------------+----------------------------+


+----------------------------------------+
; Port Connectivity Checks: "ADC0832:u1" ;
+------+-------+----------+--------------+
; Port ; Type  ; Severity ; Details      ;
+------+-------+----------+--------------+
; cs   ; Input ; Info     ; Stuck at GND ;
+------+-------+----------+--------------+


+-------------------------------+
; Analysis & Synthesis Messages ;
+-------------------------------+
Info: *******************************************************************
Info: Running Quartus II Analysis & Synthesis
    Info: Version 9.1 Build 222 10/21/2009 SJ Full Version
    Info: Processing started: Sat Oct 14 22:56:31 2017
Info: Command: quartus_map --read_settings_files=on --write_settings_files=off AD_DA -c AD_DA
Info: Parallel compilation is enabled and will use 2 of the 2 processors detected
Info: Found 2 design units, including 1 entities, in source file adc0832.vhd
    Info: Found design unit 1: ADC0832-behavior
    Info: Found entity 1: ADC0832
Info: Found 2 design units, including 1 entities, in source file ad_da.vhd
    Info: Found design unit 1: AD_DA-behavior
    Info: Found entity 1: AD_DA
Info: Elaborating entity "AD_DA" for the top level hierarchy
Warning (10542): VHDL Variable Declaration warning at AD_DA.vhd(67): used initial value expression for variable "COUNT3" because variable was never assigned a value
Warning (10492): VHDL Process Statement warning at AD_DA.vhd(109): signal "DataA" is read inside the Process Statement but isn't in the Process Statement's sensitivity list
Warning (10492): VHDL Process Statement warning at AD_DA.vhd(109): signal "DataB" is read inside the Process Statement but isn't in the Process Statement's sensitivity list
Warning (10492): VHDL Process Statement warning at AD_DA.vhd(110): signal "DataA" is read inside the Process Statement but isn't in the Process Statement's sensitivity list
Warning (10492): VHDL Process Statement warning at AD_DA.vhd(111): signal "temp" is read inside the Process Statement but isn't in the Process Statement's sensitivity list
Warning (10492): VHDL Process Statement warning at AD_DA.vhd(118): signal "temp" is read inside the Process Statement but isn't in the Process Statement's sensitivity list
Warning (10492): VHDL Process Statement warning at AD_DA.vhd(120): signal "Serial_Data" is read inside the Process Statement but isn't in the Process Statement's sensitivity list
Warning (10492): VHDL Process Statement warning at AD_DA.vhd(129): signal "DataA" is read inside the Process Statement but isn't in the Process Statement's sensitivity list
Warning (10492): VHDL Process Statement warning at AD_DA.vhd(130): signal "DataB" is read inside the Process Statement but isn't in the Process Statement's sensitivity list
Warning (10492): VHDL Process Statement warning at AD_DA.vhd(134): signal "CS_1" is read inside the Process Statement but isn't in the Process Statement's sensitivity list
Warning (10492): VHDL Process Statement warning at AD_DA.vhd(135): signal "DI_1" is read inside the Process Statement but isn't in the Process Statement's sensitivity list
Warning (10631): VHDL Process Statement warning at AD_DA.vhd(79): inferring latch(es) for signal or variable "CS_1", which holds its previous value in one or more paths through the process
Warning (10631): VHDL Process Statement warning at AD_DA.vhd(79): inferring latch(es) for signal or variable "WR1", which holds its previous value in one or more paths through the process
Warning (10631): VHDL Process Statement warning at AD_DA.vhd(79): inferring latch(es) for signal or variable "receive_order", which holds its previous value in one or more paths through the process
Warning (10631): VHDL Process Statement warning at AD_DA.vhd(79): inferring latch(es) for signal or variable "start_order", which holds its previous value in one or more paths through the process
Warning (10631): VHDL Process Statement warning at AD_DA.vhd(79): inferring latch(es) for signal or variable "temp", which holds its previous value in one or more paths through the process
Warning (10631): VHDL Process Statement warning at AD_DA.vhd(79): inferring latch(es) for signal or variable "Parallel_Data", which holds its previous value in one or more paths through the process
Warning (10631): VHDL Process Statement warning at AD_DA.vhd(79): inferring latch(es) for signal or variable "Serial_Data", which holds its previous value in one or more paths through the process
Warning (10631): VHDL Process Statement warning at AD_DA.vhd(79): inferring latch(es) for signal or variable "D", which holds its previous value in one or more paths through the process
Warning (10631): VHDL Process Statement warning at AD_DA.vhd(79): inferring latch(es) for signal or variable "WR2", which holds its previous value in one or more paths through the process
Warning (10631): VHDL Process Statement warning at AD_DA.vhd(79): inferring latch(es) for signal or variable "XFER", which holds its previous value in one or more paths through the process
Info (10041): Inferred latch for "XFER" at AD_DA.vhd(79)
Info (10041): Inferred latch for "WR2" at AD_DA.vhd(79)
Info (10041): Inferred latch for "D[0]" at AD_DA.vhd(79)
Info (10041): Inferred latch for "D[1]" at AD_DA.vhd(79)
Info (10041): Inferred latch for "D[2]" at AD_DA.vhd(79)
Info (10041): Inferred latch for "D[3]" at AD_DA.vhd(79)
Info (10041): Inferred latch for "D[4]" at AD_DA.vhd(79)
Info (10041): Inferred latch for "D[5]" at AD_DA.vhd(79)
Info (10041): Inferred latch for "D[6]" at AD_DA.vhd(79)
Info (10041): Inferred latch for "D[7]" at AD_DA.vhd(79)
Info (10041): Inferred latch for "Serial_Data[0]" at AD_DA.vhd(79)
Info (10041): Inferred latch for "Serial_Data[1]" at AD_DA.vhd(79)
Info (10041): Inferred latch for "Serial_Data[2]" at AD_DA.vhd(79)
Info (10041): Inferred latch for "Serial_Data[3]" at AD_DA.vhd(79)
Info (10041): Inferred latch for "Serial_Data[4]" at AD_DA.vhd(79)
Info (10041): Inferred latch for "Serial_Data[5]" at AD_DA.vhd(79)
Info (10041): Inferred latch for "Serial_Data[6]" at AD_DA.vhd(79)
Info (10041): Inferred latch for "Serial_Data[7]" at AD_DA.vhd(79)
Info (10041): Inferred latch for "Parallel_Data[0]" at AD_DA.vhd(79)
Info (10041): Inferred latch for "Parallel_Data[1]" at AD_DA.vhd(79)
Info (10041): Inferred latch for "Parallel_Data[2]" at AD_DA.vhd(79)
Info (10041): Inferred latch for "Parallel_Data[3]" at AD_DA.vhd(79)
Info (10041): Inferred latch for "Parallel_Data[4]" at AD_DA.vhd(79)
Info (10041): Inferred latch for "Parallel_Data[5]" at AD_DA.vhd(79)
Info (10041): Inferred latch for "Parallel_Data[6]" at AD_DA.vhd(79)
Info (10041): Inferred latch for "Parallel_Data[7]" at AD_DA.vhd(79)
Info (10041): Inferred latch for "Parallel_Data[8]" at AD_DA.vhd(79)
Info (10041): Inferred latch for "Parallel_Data[9]" at AD_DA.vhd(79)
Info (10041): Inferred latch for "Parallel_Data[10]" at AD_DA.vhd(79)
Info (10041): Inferred latch for "Parallel_Data[11]" at AD_DA.vhd(79)
Info (10041): Inferred latch for "Parallel_Data[12]" at AD_DA.vhd(79)
Info (10041): Inferred latch for "Parallel_Data[13]" at AD_DA.vhd(79)
Info (10041): Inferred latch for "Parallel_Data[14]" at AD_DA.vhd(79)
Info (10041): Inferred latch for "Parallel_Data[15]" at AD_DA.vhd(79)
Info (10041): Inferred latch for "Parallel_Data[16]" at AD_DA.vhd(79)
Info (10041): Inferred latch for "Parallel_Data[17]" at AD_DA.vhd(79)
Info (10041): Inferred latch for "Parallel_Data[18]" at AD_DA.vhd(79)
Info (10041): Inferred latch for "Parallel_Data[19]" at AD_DA.vhd(79)
Info (10041): Inferred latch for "Parallel_Data[20]" at AD_DA.vhd(79)
Info (10041): Inferred latch for "Parallel_Data[21]" at AD_DA.vhd(79)
Info (10041): Inferred latch for "Parallel_Data[22]" at AD_DA.vhd(79)
Info (10041): Inferred latch for "Parallel_Data[23]" at AD_DA.vhd(79)
Info (10041): Inferred latch for "Parallel_Data[24]" at AD_DA.vhd(79)
Info (10041): Inferred latch for "Parallel_Data[25]" at AD_DA.vhd(79)
Info (10041): Inferred latch for "Parallel_Data[26]" at AD_DA.vhd(79)
Info (10041): Inferred latch for "Parallel_Data[27]" at AD_DA.vhd(79)
Info (10041): Inferred latch for "Parallel_Data[28]" at AD_DA.vhd(79)
Info (10041): Inferred latch for "Parallel_Data[29]" at AD_DA.vhd(79)
Info (10041): Inferred latch for "Parallel_Data[30]" at AD_DA.vhd(79)
Info (10041): Inferred latch for "Parallel_Data[31]" at AD_DA.vhd(79)
Info (10041): Inferred latch for "temp[0]" at AD_DA.vhd(79)
Info (10041): Inferred latch for "temp[1]" at AD_DA.vhd(79)
Info (10041): Inferred latch for "temp[2]" at AD_DA.vhd(79)
Info (10041): Inferred latch for "temp[3]" at AD_DA.vhd(79)
Info (10041): Inferred latch for "temp[4]" at AD_DA.vhd(79)
Info (10041): Inferred latch for "temp[5]" at AD_DA.vhd(79)
Info (10041): Inferred latch for "temp[6]" at AD_DA.vhd(79)
Info (10041): Inferred latch for "temp[7]" at AD_DA.vhd(79)
Info (10041): Inferred latch for "temp[8]" at AD_DA.vhd(79)
Info (10041): Inferred latch for "temp[9]" at AD_DA.vhd(79)
Info (10041): Inferred latch for "temp[10]" at AD_DA.vhd(79)
Info (10041): Inferred latch for "temp[11]" at AD_DA.vhd(79)
Info (10041): Inferred latch for "temp[12]" at AD_DA.vhd(79)
Info (10041): Inferred latch for "temp[13]" at AD_DA.vhd(79)
Info (10041): Inferred latch for "temp[14]" at AD_DA.vhd(79)
Info (10041): Inferred latch for "temp[15]" at AD_DA.vhd(79)
Info (10041): Inferred latch for "temp[16]" at AD_DA.vhd(79)
Info (10041): Inferred latch for "temp[17]" at AD_DA.vhd(79)
Info (10041): Inferred latch for "temp[18]" at AD_DA.vhd(79)
Info (10041): Inferred latch for "temp[19]" at AD_DA.vhd(79)
Info (10041): Inferred latch for "temp[20]" at AD_DA.vhd(79)
Info (10041): Inferred latch for "temp[21]" at AD_DA.vhd(79)
Info (10041): Inferred latch for "temp[22]" at AD_DA.vhd(79)
Info (10041): Inferred latch for "temp[23]" at AD_DA.vhd(79)
Info (10041): Inferred latch for "temp[24]" at AD_DA.vhd(79)
Info (10041): Inferred latch for "temp[25]" at AD_DA.vhd(79)
Info (10041): Inferred latch for "temp[26]" at AD_DA.vhd(79)
Info (10041): Inferred latch for "temp[27]" at AD_DA.vhd(79)
Info (10041): Inferred latch for "temp[28]" at AD_DA.vhd(79)
Info (10041): Inferred latch for "temp[29]" at AD_DA.vhd(79)
Info (10041): Inferred latch for "temp[30]" at AD_DA.vhd(79)
Info (10041): Inferred latch for "temp[31]" at AD_DA.vhd(79)
Info (10041): Inferred latch for "start_order" at AD_DA.vhd(79)
Info (10041): Inferred latch for "receive_order" at AD_DA.vhd(79)
Info (10041): Inferred latch for "WR1" at AD_DA.vhd(79)
Info (10041): Inferred latch for "CS_1" at AD_DA.vhd(79)
Info: Elaborating entity "ADC0832" for hierarchy "ADC0832:u1"
Warning (10492): VHDL Process Statement warning at ADC0832.vhd(69): signal "DI1" is read inside the Process Statement but isn't in the Process Statement's sensitivity list
Warning (10492): VHDL Process Statement warning at ADC0832.vhd(70): signal "DI0" is read inside the Process Statement but isn't in the Process Statement's sensitivity list
Warning (10492): VHDL Process Statement warning at ADC0832.vhd(74): signal "data_input_model" is read inside the Process Statement but isn't in the Process Statement's sensitivity list
Warning (10492): VHDL Process Statement warning at ADC0832.vhd(76): signal "CH0" is read inside the Process Statement but isn't in the Process Statement's sensitivity list
Warning (10492): VHDL Process Statement warning at ADC0832.vhd(76): signal "CH1" is read inside the Process Statement but isn't in the Process Statement's sensitivity list
Warning (10492): VHDL Process Statement warning at ADC0832.vhd(78): signal "CH1" is read inside the Process Statement but isn't in the Process Statement's sensitivity list
Warning (10492): VHDL Process Statement warning at ADC0832.vhd(78): signal "CH0" is read inside the Process Statement but isn't in the Process Statement's sensitivity list
Warning (10492): VHDL Process Statement warning at ADC0832.vhd(80): signal "CH0" is read inside the Process Statement but isn't in the Process Statement's sensitivity list
Warning (10492): VHDL Process Statement warning at ADC0832.vhd(82): signal "CH1" is read inside the Process Statement but isn't in the Process Statement's sensitivity list
Warning (10631): VHDL Process Statement warning at ADC0832.vhd(45): inferring latch(es) for signal or variable "output_order", which holds its previous value in one or more paths through the process
Warning (10631): VHDL Process Statement warning at ADC0832.vhd(45): inferring latch(es) for signal or variable "DI1", which holds its previous value in one or more paths through the process
Warning (10631): VHDL Process Statement warning at ADC0832.vhd(45): inferring latch(es) for signal or variable "DI0", which holds its previous value in one or more paths through the process
Warning (10631): VHDL Process Statement warning at ADC0832.vhd(45): inferring latch(es) for signal or variable "data_input_model", which holds its previous value in one or more paths through the process
Warning (10631): VHDL Process Statement warning at ADC0832.vhd(45): inferring latch(es) for signal or variable "data", which holds its previous value in one or more paths through the process
Info (10041): Inferred latch for "data[0]" at ADC0832.vhd(45)
Info (10041): Inferred latch for "data[1]" at ADC0832.vhd(45)
Info (10041): Inferred latch for "data[2]" at ADC0832.vhd(45)
Info (10041): Inferred latch for "data[3]" at ADC0832.vhd(45)
Info (10041): Inferred latch for "data[4]" at ADC0832.vhd(45)
Info (10041): Inferred latch for "data[5]" at ADC0832.vhd(45)
Info (10041): Inferred latch for "data[6]" at ADC0832.vhd(45)
Info (10041): Inferred latch for "data[7]" at ADC0832.vhd(45)
Info (10041): Inferred latch for "data_input_model[0]" at ADC0832.vhd(45)
Info (10041): Inferred latch for "data_input_model[1]" at ADC0832.vhd(45)
Info (10041): Inferred latch for "DI0" at ADC0832.vhd(45)
Info (10041): Inferred latch for "DI1" at ADC0832.vhd(45)
Info (10041): Inferred latch for "output_order" at ADC0832.vhd(45)
Info: Duplicate LATCH primitives merged into single LATCH primitive
    Info: Duplicate LATCH primitive "Parallel_Data[31]$latch" merged with LATCH primitive "Parallel_Data[7]$latch"
    Info: Duplicate LATCH primitive "Parallel_Data[30]$latch" merged with LATCH primitive "Parallel_Data[7]$latch"
    Info: Duplicate LATCH primitive "Parallel_Data[29]$latch" merged with LATCH primitive "Parallel_Data[7]$latch"
    Info: Duplicate LATCH primitive "Parallel_Data[28]$latch" merged with LATCH primitive "Parallel_Data[7]$latch"
    Info: Duplicate LATCH primitive "Parallel_Data[27]$latch" merged with LATCH primitive "Parallel_Data[7]$latch"
    Info: Duplicate LATCH primitive "Parallel_Data[26]$latch" merged with LATCH primitive "Parallel_Data[7]$latch"
    Info: Duplicate LATCH primitive "Parallel_Data[25]$latch" merged with LATCH primitive "Parallel_Data[7]$latch"
    Info: Duplicate LATCH primitive "Parallel_Data[24]$latch" merged with LATCH primitive "Parallel_Data[7]$latch"
    Info: Duplicate LATCH primitive "Parallel_Data[23]$latch" merged with LATCH primitive "Parallel_Data[7]$latch"
    Info: Duplicate LATCH primitive "Parallel_Data[22]$latch" merged with LATCH primitive "Parallel_Data[7]$latch"
    Info: Duplicate LATCH primitive "Parallel_Data[21]$latch" merged with LATCH primitive "Parallel_Data[7]$latch"
    Info: Duplicate LATCH primitive "Parallel_Data[20]$latch" merged with LATCH primitive "Parallel_Data[7]$latch"
    Info: Duplicate LATCH primitive "Parallel_Data[19]$latch" merged with LATCH primitive "Parallel_Data[7]$latch"
    Info: Duplicate LATCH primitive "Parallel_Data[18]$latch" merged with LATCH primitive "Parallel_Data[7]$latch"
    Info: Duplicate LATCH primitive "Parallel_Data[17]$latch" merged with LATCH primitive "Parallel_Data[7]$latch"
    Info: Duplicate LATCH primitive "Parallel_Data[16]$latch" merged with LATCH primitive "Parallel_Data[7]$latch"
    Info: Duplicate LATCH primitive "Parallel_Data[15]$latch" merged with LATCH primitive "Parallel_Data[7]$latch"
    Info: Duplicate LATCH primitive "Parallel_Data[14]$latch" merged with LATCH primitive "Parallel_Data[7]$latch"
    Info: Duplicate LATCH primitive "Parallel_Data[13]$latch" merged with LATCH primitive "Parallel_Data[7]$latch"
    Info: Duplicate LATCH primitive "Parallel_Data[12]$latch" merged with LATCH primitive "Parallel_Data[7]$latch"
    Info: Duplicate LATCH primitive "Parallel_Data[11]$latch" merged with LATCH primitive "Parallel_Data[7]$latch"
    Info: Duplicate LATCH primitive "Parallel_Data[10]$latch" merged with LATCH primitive "Parallel_Data[7]$latch"
    Info: Duplicate LATCH primitive "Parallel_Data[9]$latch" merged with LATCH primitive "Parallel_Data[7]$latch"
    Info: Duplicate LATCH primitive "Parallel_Data[8]$latch" merged with LATCH primitive "Parallel_Data[7]$latch"
Warning: Latch WR1$latch has unsafe behavior
    Warning: Ports D and ENA on the latch are fed by the same signal current_state.DAC_START
Warning: Latch start_order has unsafe behavior
    Warning: Ports D and ENA on the latch are fed by the same signal current_state.ADC_START
Warning: Latch receive_order has unsafe behavior
    Warning: Ports D and ENA on the latch are fed by the same signal current_state.DATA_RECEIVE
Warning: Latch temp[1] has unsafe behavior
    Warning: Ports D and ENA on the latch are fed by the same signal DataA[1]
Warning: Latch temp[2] has unsafe behavior
    Warning: Ports D and ENA on the latch are fed by the same signal DataA[2]
Warning: Latch temp[3] has unsafe behavior
    Warning: Ports D and ENA on the latch are fed by the same signal DataA[3]
Warning: Latch temp[4] has unsafe behavior
    Warning: Ports D and ENA on the latch are fed by the same signal DataA[4]
Warning: Latch temp[5] has unsafe behavior
    Warning: Ports D and ENA on the latch are fed by the same signal DataA[5]
Warning: Latch temp[6] has unsafe behavior
    Warning: Ports D and ENA on the latch are fed by the same signal DataA[6]
Warning: Latch temp[7] has unsafe behavior
    Warning: Ports D and ENA on the latch are fed by the same signal DataA[7]
Warning: Output pins are stuck at VCC or GND
    Warning (13410): Pin "CS_output" is stuck at GND
    Warning (13410): Pin "COUNT3_output[0]" is stuck at GND
    Warning (13410): Pin "COUNT3_output[1]" is stuck at GND
    Warning (13410): Pin "COUNT3_output[2]" is stuck at GND
    Warning (13410): Pin "COUNT3_output[3]" is stuck at GND
    Warning (13410): Pin "COUNT3_output[4]" is stuck at GND
    Warning (13410): Pin "COUNT3_output[5]" is stuck at GND
    Warning (13410): Pin "COUNT3_output[6]" is stuck at GND
    Warning (13410): Pin "COUNT3_output[7]" is stuck at GND
    Warning (13410): Pin "COUNT3_output[8]" is stuck at GND
    Warning (13410): Pin "COUNT3_output[9]" is stuck at GND
    Warning (13410): Pin "COUNT3_output[10]" is stuck at GND
    Warning (13410): Pin "COUNT3_output[11]" is stuck at GND
    Warning (13410): Pin "COUNT3_output[12]" is stuck at GND
    Warning (13410): Pin "COUNT3_output[13]" is stuck at GND
    Warning (13410): Pin "COUNT3_output[14]" is stuck at GND
    Warning (13410): Pin "COUNT3_output[15]" is stuck at GND
    Warning (13410): Pin "COUNT3_output[16]" is stuck at GND
    Warning (13410): Pin "COUNT3_output[17]" is stuck at GND
    Warning (13410): Pin "COUNT3_output[18]" is stuck at GND
    Warning (13410): Pin "COUNT3_output[19]" is stuck at GND
    Warning (13410): Pin "COUNT3_output[20]" is stuck at GND
    Warning (13410): Pin "COUNT3_output[21]" is stuck at GND
    Warning (13410): Pin "COUNT3_output[22]" is stuck at GND
    Warning (13410): Pin "COUNT3_output[23]" is stuck at GND
    Warning (13410): Pin "COUNT3_output[24]" is stuck at GND
    Warning (13410): Pin "COUNT3_output[25]" is stuck at GND
    Warning (13410): Pin "COUNT3_output[26]" is stuck at GND
    Warning (13410): Pin "COUNT3_output[27]" is stuck at GND
    Warning (13410): Pin "COUNT3_output[28]" is stuck at GND
    Warning (13410): Pin "COUNT3_output[29]" is stuck at GND
    Warning (13410): Pin "COUNT3_output[30]" is stuck at GND
    Warning (13410): Pin "COUNT3_output[31]" is stuck at GND
    Warning (13410): Pin "D[7]" is stuck at GND
    Warning (13410): Pin "XFER" is stuck at GND
    Warning (13410): Pin "WR2" is stuck at GND
Warning: Design contains 48 input pin(s) that do not drive logic
    Warning (15610): No output dependent on input pin "CH0_1[8]"
    Warning (15610): No output dependent on input pin "CH0_1[9]"
    Warning (15610): No output dependent on input pin "CH0_1[10]"
    Warning (15610): No output dependent on input pin "CH0_1[11]"
    Warning (15610): No output dependent on input pin "CH0_1[12]"
    Warning (15610): No output dependent on input pin "CH0_1[13]"
    Warning (15610): No output dependent on input pin "CH0_1[14]"
    Warning (15610): No output dependent on input pin "CH0_1[15]"
    Warning (15610): No output dependent on input pin "CH0_1[16]"
    Warning (15610): No output dependent on input pin "CH0_1[17]"
    Warning (15610): No output dependent on input pin "CH0_1[18]"
    Warning (15610): No output dependent on input pin "CH0_1[19]"
    Warning (15610): No output dependent on input pin "CH0_1[20]"
    Warning (15610): No output dependent on input pin "CH0_1[21]"
    Warning (15610): No output dependent on input pin "CH0_1[22]"
    Warning (15610): No output dependent on input pin "CH0_1[23]"
    Warning (15610): No output dependent on input pin "CH0_1[24]"
    Warning (15610): No output dependent on input pin "CH0_1[25]"
    Warning (15610): No output dependent on input pin "CH0_1[26]"
    Warning (15610): No output dependent on input pin "CH0_1[27]"
    Warning (15610): No output dependent on input pin "CH0_1[28]"
    Warning (15610): No output dependent on input pin "CH0_1[29]"
    Warning (15610): No output dependent on input pin "CH0_1[30]"
    Warning (15610): No output dependent on input pin "CH0_1[31]"
    Warning (15610): No output dependent on input pin "CH1_1[8]"
    Warning (15610): No output dependent on input pin "CH1_1[9]"
    Warning (15610): No output dependent on input pin "CH1_1[10]"
    Warning (15610): No output dependent on input pin "CH1_1[11]"
    Warning (15610): No output dependent on input pin "CH1_1[12]"
    Warning (15610): No output dependent on input pin "CH1_1[13]"
    Warning (15610): No output dependent on input pin "CH1_1[14]"
    Warning (15610): No output dependent on input pin "CH1_1[15]"
    Warning (15610): No output dependent on input pin "CH1_1[16]"
    Warning (15610): No output dependent on input pin "CH1_1[17]"
    Warning (15610): No output dependent on input pin "CH1_1[18]"
    Warning (15610): No output dependent on input pin "CH1_1[19]"
    Warning (15610): No output dependent on input pin "CH1_1[20]"
    Warning (15610): No output dependent on input pin "CH1_1[21]"
    Warning (15610): No output dependent on input pin "CH1_1[22]"
    Warning (15610): No output dependent on input pin "CH1_1[23]"
    Warning (15610): No output dependent on input pin "CH1_1[24]"
    Warning (15610): No output dependent on input pin "CH1_1[25]"
    Warning (15610): No output dependent on input pin "CH1_1[26]"
    Warning (15610): No output dependent on input pin "CH1_1[27]"
    Warning (15610): No output dependent on input pin "CH1_1[28]"
    Warning (15610): No output dependent on input pin "CH1_1[29]"
    Warning (15610): No output dependent on input pin "CH1_1[30]"
    Warning (15610): No output dependent on input pin "CH1_1[31]"
Info: Implemented 530 device resources after synthesis - the final resource count might be different
    Info: Implemented 65 input pins
    Info: Implemented 194 output pins
    Info: Implemented 271 logic cells
Info: Quartus II Analysis & Synthesis was successful. 0 errors, 141 warnings
    Info: Peak virtual memory: 261 megabytes
    Info: Processing ended: Sat Oct 14 22:56:33 2017
    Info: Elapsed time: 00:00:02
    Info: Total CPU time (on all processors): 00:00:03


